{"contracts/ABDropManagerV1.sol":{"l":{"131":0,"132":0,"133":0,"135":0,"136":0,"153":0,"156":0,"159":0,"197":0,"200":0,"201":0,"204":0,"207":0,"210":0,"211":0,"214":0,"233":0,"234":0,"250":0,"251":0,"253":0,"254":0,"255":0,"256":0,"257":0,"260":0,"272":0,"273":0,"276":0,"294":0,"297":0,"300":0,"303":0,"306":0,"309":0,"311":0,"314":0,"332":0,"334":0,"335":0,"336":0,"339":0,"369":0,"370":0,"371":0,"375":0,"377":0,"392":0,"395":0},"path":"/Users/pierrelouvel/_dev/anotherblock/superfluid-soulbound/apps/smart-contracts/contracts/ABDropManagerV1.sol","s":{"1":0,"2":0,"3":0,"4":0,"5":0,"6":0,"7":0,"8":0,"9":0,"10":0,"11":0,"12":0,"13":0,"14":0,"15":0,"16":0,"17":0,"18":0,"19":0,"20":0,"21":0,"22":0,"23":0,"24":0,"25":0,"26":0,"27":0,"28":0,"29":0},"b":{"1":[0,0],"2":[0,0],"3":[0,0],"4":[0,0],"5":[0,0],"6":[0,0],"7":[0,0],"8":[0,0],"9":[0,0],"10":[0,0],"11":[0,0],"12":[0,0],"13":[0,0],"14":[0,0],"15":[0,0],"16":[0,0],"17":[0,0],"18":[0,0],"19":[0,0],"20":[0,0],"21":[0,0],"22":[0,0],"23":[0,0]},"f":{"1":0,"2":0,"3":0,"4":0,"5":0,"6":0,"7":0,"8":0,"9":0},"fnMap":{"1":{"name":"initialize","line":129,"loc":{"start":{"line":129,"column":2},"end":{"line":137,"column":2}}},"2":{"name":"updateDropCounter","line":152,"loc":{"start":{"line":152,"column":2},"end":{"line":160,"column":2}}},"3":{"name":"create","line":195,"loc":{"start":{"line":185,"column":2},"end":{"line":223,"column":2}}},"4":{"name":"setTreasury","line":232,"loc":{"start":{"line":232,"column":2},"end":{"line":235,"column":2}}},"5":{"name":"setSalesInfo","line":247,"loc":{"start":{"line":245,"column":2},"end":{"line":261,"column":2}}},"6":{"name":"setMerkleRoot","line":271,"loc":{"start":{"line":271,"column":2},"end":{"line":277,"column":2}}},"7":{"name":"setTokenInfo","line":291,"loc":{"start":{"line":289,"column":2},"end":{"line":315,"column":2}}},"8":{"name":"setRightHolderInfo","line":330,"loc":{"start":{"line":326,"column":2},"end":{"line":340,"column":2}}},"9":{"name":"_createDrop","line":360,"loc":{"start":{"line":360,"column":2},"end":{"line":396,"column":2}}}},"statementMap":{"1":{"start":{"line":131,"column":4},"end":{"line":131,"column":53}},"2":{"start":{"line":135,"column":4},"end":{"line":135,"column":55}},"3":{"start":{"line":136,"column":4},"end":{"line":136,"column":19}},"4":{"start":{"line":153,"column":4},"end":{"line":153,"column":38}},"5":{"start":{"line":156,"column":4},"end":{"line":156,"column":59}},"6":{"start":{"line":197,"column":4},"end":{"line":197,"column":66}},"7":{"start":{"line":200,"column":4},"end":{"line":200,"column":8099}},"8":{"start":{"line":204,"column":4},"end":{"line":204,"column":49}},"9":{"start":{"line":207,"column":4},"end":{"line":207,"column":50}},"10":{"start":{"line":210,"column":4},"end":{"line":210,"column":8426}},"11":{"start":{"line":214,"column":4},"end":{"line":214,"column":8533}},"12":{"start":{"line":233,"column":4},"end":{"line":233,"column":56}},"13":{"start":{"line":250,"column":4},"end":{"line":250,"column":9579}},"14":{"start":{"line":253,"column":4},"end":{"line":253,"column":38}},"15":{"start":{"line":260,"column":4},"end":{"line":260,"column":29}},"16":{"start":{"line":272,"column":4},"end":{"line":272,"column":38}},"17":{"start":{"line":276,"column":4},"end":{"line":276,"column":29}},"18":{"start":{"line":294,"column":4},"end":{"line":294,"column":55}},"19":{"start":{"line":297,"column":4},"end":{"line":297,"column":58}},"20":{"start":{"line":300,"column":4},"end":{"line":300,"column":38}},"21":{"start":{"line":309,"column":4},"end":{"line":309,"column":11428}},"22":{"start":{"line":314,"column":4},"end":{"line":314,"column":29}},"23":{"start":{"line":332,"column":4},"end":{"line":332,"column":50}},"24":{"start":{"line":334,"column":4},"end":{"line":334,"column":38}},"25":{"start":{"line":339,"column":4},"end":{"line":339,"column":29}},"26":{"start":{"line":369,"column":4},"end":{"line":369,"column":27}},"27":{"start":{"line":370,"column":4},"end":{"line":370,"column":13652}},"28":{"start":{"line":377,"column":4},"end":{"line":377,"column":13841}},"29":{"start":{"line":392,"column":4},"end":{"line":392,"column":31}}},"branchMap":{"1":{"line":129,"type":"if","locations":[{"start":{"line":129,"column":48},"end":{"line":129,"column":48}},{"start":{"line":129,"column":48},"end":{"line":129,"column":48}}]},"2":{"line":131,"type":"if","locations":[{"start":{"line":131,"column":4},"end":{"line":131,"column":4}},{"start":{"line":131,"column":4},"end":{"line":131,"column":4}}]},"3":{"line":156,"type":"if","locations":[{"start":{"line":156,"column":4},"end":{"line":156,"column":4}},{"start":{"line":156,"column":4},"end":{"line":156,"column":4}}]},"4":{"line":195,"type":"if","locations":[{"start":{"line":195,"column":13},"end":{"line":195,"column":13}},{"start":{"line":195,"column":13},"end":{"line":195,"column":13}}]},"5":{"line":197,"type":"if","locations":[{"start":{"line":197,"column":4},"end":{"line":197,"column":4}},{"start":{"line":197,"column":4},"end":{"line":197,"column":4}}]},"6":{"line":200,"type":"if","locations":[{"start":{"line":200,"column":4},"end":{"line":200,"column":4}},{"start":{"line":200,"column":4},"end":{"line":200,"column":4}}]},"7":{"line":200,"type":"cond-expr","locations":[{"start":{"line":200,"column":8},"end":{"line":200,"column":25}},{"start":{"line":200,"column":30},"end":{"line":200,"column":47}}]},"8":{"line":204,"type":"if","locations":[{"start":{"line":204,"column":4},"end":{"line":204,"column":4}},{"start":{"line":204,"column":4},"end":{"line":204,"column":4}}]},"9":{"line":207,"type":"if","locations":[{"start":{"line":207,"column":4},"end":{"line":207,"column":4}},{"start":{"line":207,"column":4},"end":{"line":207,"column":4}}]},"10":{"line":210,"type":"if","locations":[{"start":{"line":210,"column":4},"end":{"line":210,"column":4}},{"start":{"line":210,"column":4},"end":{"line":210,"column":4}}]},"11":{"line":232,"type":"if","locations":[{"start":{"line":232,"column":54},"end":{"line":232,"column":54}},{"start":{"line":232,"column":54},"end":{"line":232,"column":54}}]},"12":{"line":233,"type":"if","locations":[{"start":{"line":233,"column":4},"end":{"line":233,"column":4}},{"start":{"line":233,"column":4},"end":{"line":233,"column":4}}]},"13":{"line":247,"type":"if","locations":[{"start":{"line":247,"column":4},"end":{"line":247,"column":4}},{"start":{"line":247,"column":4},"end":{"line":247,"column":4}}]},"14":{"line":250,"type":"if","locations":[{"start":{"line":250,"column":4},"end":{"line":250,"column":4}},{"start":{"line":250,"column":4},"end":{"line":250,"column":4}}]},"15":{"line":250,"type":"cond-expr","locations":[{"start":{"line":250,"column":8},"end":{"line":250,"column":24}},{"start":{"line":250,"column":29},"end":{"line":250,"column":45}}]},"16":{"line":271,"type":"if","locations":[{"start":{"line":271,"column":68},"end":{"line":271,"column":68}},{"start":{"line":271,"column":68},"end":{"line":271,"column":68}}]},"17":{"line":291,"type":"if","locations":[{"start":{"line":291,"column":4},"end":{"line":291,"column":4}},{"start":{"line":291,"column":4},"end":{"line":291,"column":4}}]},"18":{"line":294,"type":"if","locations":[{"start":{"line":294,"column":4},"end":{"line":294,"column":4}},{"start":{"line":294,"column":4},"end":{"line":294,"column":4}}]},"19":{"line":297,"type":"if","locations":[{"start":{"line":297,"column":4},"end":{"line":297,"column":4}},{"start":{"line":297,"column":4},"end":{"line":297,"column":4}}]},"20":{"line":309,"type":"if","locations":[{"start":{"line":309,"column":4},"end":{"line":309,"column":4}},{"start":{"line":309,"column":4},"end":{"line":309,"column":4}}]},"21":{"line":330,"type":"if","locations":[{"start":{"line":330,"column":13},"end":{"line":330,"column":13}},{"start":{"line":330,"column":13},"end":{"line":330,"column":13}}]},"22":{"line":332,"type":"if","locations":[{"start":{"line":332,"column":4},"end":{"line":332,"column":4}},{"start":{"line":332,"column":4},"end":{"line":332,"column":4}}]},"23":{"line":370,"type":"if","locations":[{"start":{"line":370,"column":4},"end":{"line":370,"column":4}},{"start":{"line":370,"column":4},"end":{"line":370,"column":4}}]}}},"contracts/ABDropManagerV2.sol":{"l":{"156":0,"157":0,"158":0,"160":0,"174":0,"175":0,"176":0,"177":0,"194":0,"197":0,"200":0,"235":0,"238":0,"241":0,"244":0,"263":0,"264":0,"282":0,"285":0,"288":0,"291":0,"294":0,"297":0,"299":0,"302":0,"320":0,"322":0,"323":0,"324":0,"327":0,"355":0,"356":0,"357":0,"361":0,"363":0,"378":0,"380":0,"381":0,"393":0,"396":0},"path":"/Users/pierrelouvel/_dev/anotherblock/superfluid-soulbound/apps/smart-contracts/contracts/ABDropManagerV2.sol","s":{"1":0,"2":0,"3":0,"4":0,"5":0,"6":0,"7":0,"8":0,"9":0,"10":0,"11":0,"12":0,"13":0,"14":0,"15":0,"16":0,"17":0,"18":0,"19":0,"20":0,"21":0,"22":0,"23":0,"24":0,"25":0,"26":0},"b":{"1":[0,0],"2":[0,0],"3":[0,0],"4":[0,0],"5":[0,0],"6":[0,0],"7":[0,0],"8":[0,0],"9":[0,0],"10":[0,0],"11":[0,0],"12":[0,0],"13":[0,0],"14":[0,0],"15":[0,0],"16":[0,0],"17":[0,0],"18":[0,0],"19":[0,0]},"f":{"1":0,"2":0,"3":0,"4":0,"5":0,"6":0,"7":0,"8":0},"fnMap":{"1":{"name":"initialize","line":154,"loc":{"start":{"line":154,"column":2},"end":{"line":161,"column":2}}},"2":{"name":"initializeV2","line":171,"loc":{"start":{"line":169,"column":2},"end":{"line":178,"column":2}}},"3":{"name":"updateDropCounter","line":193,"loc":{"start":{"line":193,"column":2},"end":{"line":201,"column":2}}},"4":{"name":"create","line":233,"loc":{"start":{"line":224,"column":2},"end":{"line":253,"column":2}}},"5":{"name":"setTreasury","line":262,"loc":{"start":{"line":262,"column":2},"end":{"line":265,"column":2}}},"6":{"name":"setTokenInfo","line":279,"loc":{"start":{"line":277,"column":2},"end":{"line":303,"column":2}}},"7":{"name":"setRightHolderInfo","line":318,"loc":{"start":{"line":314,"column":2},"end":{"line":328,"column":2}}},"8":{"name":"_createDrop","line":346,"loc":{"start":{"line":346,"column":2},"end":{"line":397,"column":2}}}},"statementMap":{"1":{"start":{"line":156,"column":4},"end":{"line":156,"column":53}},"2":{"start":{"line":160,"column":4},"end":{"line":160,"column":19}},"3":{"start":{"line":174,"column":4},"end":{"line":174,"column":54}},"4":{"start":{"line":175,"column":4},"end":{"line":175,"column":50}},"5":{"start":{"line":194,"column":4},"end":{"line":194,"column":38}},"6":{"start":{"line":197,"column":4},"end":{"line":197,"column":59}},"7":{"start":{"line":235,"column":4},"end":{"line":235,"column":66}},"8":{"start":{"line":238,"column":4},"end":{"line":238,"column":49}},"9":{"start":{"line":241,"column":4},"end":{"line":241,"column":50}},"10":{"start":{"line":244,"column":4},"end":{"line":244,"column":9213}},"11":{"start":{"line":263,"column":4},"end":{"line":263,"column":56}},"12":{"start":{"line":282,"column":4},"end":{"line":282,"column":55}},"13":{"start":{"line":285,"column":4},"end":{"line":285,"column":58}},"14":{"start":{"line":288,"column":4},"end":{"line":288,"column":38}},"15":{"start":{"line":297,"column":4},"end":{"line":297,"column":10728}},"16":{"start":{"line":302,"column":4},"end":{"line":302,"column":29}},"17":{"start":{"line":320,"column":4},"end":{"line":320,"column":50}},"18":{"start":{"line":322,"column":4},"end":{"line":322,"column":38}},"19":{"start":{"line":327,"column":4},"end":{"line":327,"column":29}},"20":{"start":{"line":355,"column":4},"end":{"line":355,"column":27}},"21":{"start":{"line":356,"column":4},"end":{"line":356,"column":12781}},"22":{"start":{"line":363,"column":4},"end":{"line":363,"column":12970}},"23":{"start":{"line":378,"column":4},"end":{"line":378,"column":56}},"24":{"start":{"line":380,"column":4},"end":{"line":380,"column":61}},"25":{"start":{"line":381,"column":4},"end":{"line":381,"column":13324}},"26":{"start":{"line":393,"column":4},"end":{"line":393,"column":31}}},"branchMap":{"1":{"line":154,"type":"if","locations":[{"start":{"line":154,"column":48},"end":{"line":154,"column":48}},{"start":{"line":154,"column":48},"end":{"line":154,"column":48}}]},"2":{"line":156,"type":"if","locations":[{"start":{"line":156,"column":4},"end":{"line":156,"column":4}},{"start":{"line":156,"column":4},"end":{"line":156,"column":4}}]},"3":{"line":171,"type":"if","locations":[{"start":{"line":171,"column":4},"end":{"line":171,"column":4}},{"start":{"line":171,"column":4},"end":{"line":171,"column":4}}]},"4":{"line":174,"type":"if","locations":[{"start":{"line":174,"column":4},"end":{"line":174,"column":4}},{"start":{"line":174,"column":4},"end":{"line":174,"column":4}}]},"5":{"line":175,"type":"if","locations":[{"start":{"line":175,"column":4},"end":{"line":175,"column":4}},{"start":{"line":175,"column":4},"end":{"line":175,"column":4}}]},"6":{"line":197,"type":"if","locations":[{"start":{"line":197,"column":4},"end":{"line":197,"column":4}},{"start":{"line":197,"column":4},"end":{"line":197,"column":4}}]},"7":{"line":233,"type":"if","locations":[{"start":{"line":233,"column":13},"end":{"line":233,"column":13}},{"start":{"line":233,"column":13},"end":{"line":233,"column":13}}]},"8":{"line":235,"type":"if","locations":[{"start":{"line":235,"column":4},"end":{"line":235,"column":4}},{"start":{"line":235,"column":4},"end":{"line":235,"column":4}}]},"9":{"line":238,"type":"if","locations":[{"start":{"line":238,"column":4},"end":{"line":238,"column":4}},{"start":{"line":238,"column":4},"end":{"line":238,"column":4}}]},"10":{"line":241,"type":"if","locations":[{"start":{"line":241,"column":4},"end":{"line":241,"column":4}},{"start":{"line":241,"column":4},"end":{"line":241,"column":4}}]},"11":{"line":262,"type":"if","locations":[{"start":{"line":262,"column":54},"end":{"line":262,"column":54}},{"start":{"line":262,"column":54},"end":{"line":262,"column":54}}]},"12":{"line":263,"type":"if","locations":[{"start":{"line":263,"column":4},"end":{"line":263,"column":4}},{"start":{"line":263,"column":4},"end":{"line":263,"column":4}}]},"13":{"line":279,"type":"if","locations":[{"start":{"line":279,"column":4},"end":{"line":279,"column":4}},{"start":{"line":279,"column":4},"end":{"line":279,"column":4}}]},"14":{"line":282,"type":"if","locations":[{"start":{"line":282,"column":4},"end":{"line":282,"column":4}},{"start":{"line":282,"column":4},"end":{"line":282,"column":4}}]},"15":{"line":285,"type":"if","locations":[{"start":{"line":285,"column":4},"end":{"line":285,"column":4}},{"start":{"line":285,"column":4},"end":{"line":285,"column":4}}]},"16":{"line":297,"type":"if","locations":[{"start":{"line":297,"column":4},"end":{"line":297,"column":4}},{"start":{"line":297,"column":4},"end":{"line":297,"column":4}}]},"17":{"line":318,"type":"if","locations":[{"start":{"line":318,"column":13},"end":{"line":318,"column":13}},{"start":{"line":318,"column":13},"end":{"line":318,"column":13}}]},"18":{"line":320,"type":"if","locations":[{"start":{"line":320,"column":4},"end":{"line":320,"column":4}},{"start":{"line":320,"column":4},"end":{"line":320,"column":4}}]},"19":{"line":356,"type":"if","locations":[{"start":{"line":356,"column":4},"end":{"line":356,"column":4}},{"start":{"line":356,"column":4},"end":{"line":356,"column":4}}]}}},"contracts/ABErrors.sol":{"l":{},"path":"/Users/pierrelouvel/_dev/anotherblock/superfluid-soulbound/apps/smart-contracts/contracts/ABErrors.sol","s":{},"b":{},"f":{},"fnMap":{},"statementMap":{},"branchMap":{}},"contracts/ABNFT.sol":{"l":{"60":0,"84":0,"100":0,"102":0,"113":0,"117":0,"128":0,"131":0,"148":0,"153":0,"156":0,"157":0,"160":0,"161":0,"163":0,"167":0,"173":0,"178":0,"187":0,"208":0,"224":0},"path":"/Users/pierrelouvel/_dev/anotherblock/superfluid-soulbound/apps/smart-contracts/contracts/ABNFT.sol","s":{"1":0,"2":0,"3":0,"4":0,"5":0,"6":0,"7":0,"8":0,"9":0,"10":0,"11":0,"12":0,"13":0,"14":0,"15":0,"16":0,"17":0,"18":0,"19":0,"20":0,"21":0,"22":0},"b":{"1":[0,0],"2":[0,0],"3":[0,0],"4":[0,0],"5":[0,0],"6":[0,0],"7":[0,0]},"f":{"1":0,"2":0,"3":0,"4":0,"5":0,"6":0,"7":0,"8":0,"9":0},"fnMap":{"1":{"name":"constructor","line":58,"loc":{"start":{"line":51,"column":2},"end":{"line":61,"column":2}}},"2":{"name":"mint","line":78,"loc":{"start":{"line":78,"column":2},"end":{"line":85,"column":2}}},"3":{"name":"claimTo","line":95,"loc":{"start":{"line":95,"column":2},"end":{"line":103,"column":2}}},"4":{"name":"unclaimedSupply","line":112,"loc":{"start":{"line":112,"column":2},"end":{"line":118,"column":2}}},"5":{"name":"price","line":127,"loc":{"start":{"line":127,"column":2},"end":{"line":132,"column":2}}},"6":{"name":"getClaimIneligibilityReason","line":143,"loc":{"start":{"line":143,"column":2},"end":{"line":179,"column":2}}},"7":{"name":"withdrawAll","line":186,"loc":{"start":{"line":186,"column":2},"end":{"line":190,"column":2}}},"8":{"name":"setBaseURI","line":207,"loc":{"start":{"line":207,"column":2},"end":{"line":209,"column":2}}},"9":{"name":"_baseURI","line":223,"loc":{"start":{"line":223,"column":2},"end":{"line":225,"column":2}}}},"statementMap":{"1":{"start":{"line":84,"column":4},"end":{"line":84,"column":43}},"2":{"start":{"line":100,"column":4},"end":{"line":100,"column":31}},"3":{"start":{"line":102,"column":4},"end":{"line":102,"column":56}},"4":{"start":{"line":113,"column":4},"end":{"line":113,"column":4364}},"5":{"start":{"line":117,"column":4},"end":{"line":117,"column":44}},"6":{"start":{"line":128,"column":4},"end":{"line":128,"column":4748}},"7":{"start":{"line":131,"column":4},"end":{"line":131,"column":31}},"8":{"start":{"line":148,"column":4},"end":{"line":148,"column":5347}},"9":{"start":{"line":153,"column":4},"end":{"line":153,"column":64}},"10":{"start":{"line":153,"column":44},"end":{"line":153,"column":64}},"11":{"start":{"line":156,"column":4},"end":{"line":156,"column":5622}},"12":{"start":{"line":157,"column":6},"end":{"line":157,"column":29}},"13":{"start":{"line":160,"column":4},"end":{"line":160,"column":5783}},"14":{"start":{"line":161,"column":6},"end":{"line":161,"column":39}},"15":{"start":{"line":163,"column":4},"end":{"line":163,"column":5845}},"16":{"start":{"line":167,"column":6},"end":{"line":167,"column":6064}},"17":{"start":{"line":170,"column":8},"end":{"line":170,"column":34}},"18":{"start":{"line":173,"column":6},"end":{"line":173,"column":6328}},"19":{"start":{"line":176,"column":8},"end":{"line":176,"column":34}},"20":{"start":{"line":178,"column":4},"end":{"line":178,"column":13}},"21":{"start":{"line":187,"column":4},"end":{"line":187,"column":6610}},"22":{"start":{"line":224,"column":4},"end":{"line":224,"column":23}}},"branchMap":{"1":{"line":153,"type":"if","locations":[{"start":{"line":153,"column":4},"end":{"line":153,"column":4}},{"start":{"line":153,"column":4},"end":{"line":153,"column":4}}]},"2":{"line":156,"type":"if","locations":[{"start":{"line":156,"column":4},"end":{"line":156,"column":4}},{"start":{"line":156,"column":4},"end":{"line":156,"column":4}}]},"3":{"line":160,"type":"if","locations":[{"start":{"line":160,"column":4},"end":{"line":160,"column":4}},{"start":{"line":160,"column":4},"end":{"line":160,"column":4}}]},"4":{"line":163,"type":"if","locations":[{"start":{"line":163,"column":4},"end":{"line":163,"column":4}},{"start":{"line":163,"column":4},"end":{"line":163,"column":4}}]},"5":{"line":167,"type":"if","locations":[{"start":{"line":167,"column":6},"end":{"line":167,"column":6}},{"start":{"line":167,"column":6},"end":{"line":167,"column":6}}]},"6":{"line":173,"type":"if","locations":[{"start":{"line":173,"column":6},"end":{"line":173,"column":6}},{"start":{"line":173,"column":6},"end":{"line":173,"column":6}}]},"7":{"line":207,"type":"if","locations":[{"start":{"line":207,"column":60},"end":{"line":207,"column":60}},{"start":{"line":207,"column":60},"end":{"line":207,"column":60}}]}}},"contracts/ABRegistry.sol":{"l":{"68":0,"69":0,"88":0,"91":0,"94":0,"110":0,"113":0,"116":0,"133":0,"145":0},"path":"/Users/pierrelouvel/_dev/anotherblock/superfluid-soulbound/apps/smart-contracts/contracts/ABRegistry.sol","s":{"1":0,"2":0,"3":0,"4":0,"5":0,"6":0,"7":0,"8":0},"b":{"1":[0,0],"2":[0,0],"3":[0,0],"4":[0,0],"5":[0,0],"6":[0,0]},"f":{"1":0,"2":0,"3":0,"4":0,"5":0},"fnMap":{"1":{"name":"constructor","line":67,"loc":{"start":{"line":67,"column":2},"end":{"line":70,"column":2}}},"2":{"name":"updateBalance","line":82,"loc":{"start":{"line":82,"column":2},"end":{"line":95,"column":2}}},"3":{"name":"updateDropRightholder","line":106,"loc":{"start":{"line":106,"column":2},"end":{"line":117,"column":2}}},"4":{"name":"getUserBalancePerDrop","line":128,"loc":{"start":{"line":128,"column":2},"end":{"line":134,"column":2}}},"5":{"name":"getDropRightholder","line":144,"loc":{"start":{"line":144,"column":2},"end":{"line":146,"column":2}}}},"statementMap":{"1":{"start":{"line":68,"column":4},"end":{"line":68,"column":56}},"2":{"start":{"line":88,"column":4},"end":{"line":88,"column":50}},"3":{"start":{"line":91,"column":4},"end":{"line":91,"column":68}},"4":{"start":{"line":94,"column":4},"end":{"line":94,"column":64}},"5":{"start":{"line":110,"column":4},"end":{"line":110,"column":50}},"6":{"start":{"line":113,"column":4},"end":{"line":113,"column":62}},"7":{"start":{"line":133,"column":4},"end":{"line":133,"column":45}},"8":{"start":{"line":145,"column":4},"end":{"line":145,"column":38}}},"branchMap":{"1":{"line":68,"type":"if","locations":[{"start":{"line":68,"column":4},"end":{"line":68,"column":4}},{"start":{"line":68,"column":4},"end":{"line":68,"column":4}}]},"2":{"line":88,"type":"if","locations":[{"start":{"line":88,"column":4},"end":{"line":88,"column":4}},{"start":{"line":88,"column":4},"end":{"line":88,"column":4}}]},"3":{"line":91,"type":"if","locations":[{"start":{"line":91,"column":4},"end":{"line":91,"column":4}},{"start":{"line":91,"column":4},"end":{"line":91,"column":4}}]},"4":{"line":94,"type":"if","locations":[{"start":{"line":94,"column":4},"end":{"line":94,"column":4}},{"start":{"line":94,"column":4},"end":{"line":94,"column":4}}]},"5":{"line":110,"type":"if","locations":[{"start":{"line":110,"column":4},"end":{"line":110,"column":4}},{"start":{"line":110,"column":4},"end":{"line":110,"column":4}}]},"6":{"line":113,"type":"if","locations":[{"start":{"line":113,"column":4},"end":{"line":113,"column":4}},{"start":{"line":113,"column":4},"end":{"line":113,"column":4}}]}}},"contracts/ABRelay.sol":{"l":{"80":0,"90":0,"100":0,"110":0,"136":0,"139":0,"162":0,"165":0,"183":0,"187":0},"path":"/Users/pierrelouvel/_dev/anotherblock/superfluid-soulbound/apps/smart-contracts/contracts/ABRelay.sol","s":{"1":0,"2":0,"3":0,"4":0,"5":0},"b":{"1":[0,0],"2":[0,0],"3":[0,0],"4":[0,0],"5":[0,0],"6":[0,0],"7":[0,0],"8":[0,0]},"f":{"1":0,"2":0,"3":0,"4":0,"5":0,"6":0,"7":0,"8":0},"fnMap":{"1":{"name":"grantAllowance","line":79,"loc":{"start":{"line":79,"column":2},"end":{"line":81,"column":2}}},"2":{"name":"revokeAllowance","line":89,"loc":{"start":{"line":89,"column":2},"end":{"line":91,"column":2}}},"3":{"name":"setABStream","line":99,"loc":{"start":{"line":99,"column":2},"end":{"line":101,"column":2}}},"4":{"name":"setABRegistry","line":109,"loc":{"start":{"line":109,"column":2},"end":{"line":111,"column":2}}},"5":{"name":"transferredNFT","line":134,"loc":{"start":{"line":130,"column":2},"end":{"line":143,"column":2}}},"6":{"name":"createdDrop","line":160,"loc":{"start":{"line":156,"column":2},"end":{"line":166,"column":2}}},"7":{"name":"updatedDrop","line":169,"loc":{"start":{"line":169,"column":2},"end":{"line":169,"column":47}}},"8":{"name":"onlyAllowed","line":182,"loc":{"start":{"line":182,"column":2},"end":{"line":188,"column":2}}}},"statementMap":{"1":{"start":{"line":136,"column":4},"end":{"line":136,"column":49}},"2":{"start":{"line":139,"column":4},"end":{"line":139,"column":46}},"3":{"start":{"line":162,"column":4},"end":{"line":162,"column":59}},"4":{"start":{"line":165,"column":4},"end":{"line":165,"column":44}},"5":{"start":{"line":183,"column":4},"end":{"line":183,"column":6913}}},"branchMap":{"1":{"line":79,"type":"if","locations":[{"start":{"line":79,"column":52},"end":{"line":79,"column":52}},{"start":{"line":79,"column":52},"end":{"line":79,"column":52}}]},"2":{"line":89,"type":"if","locations":[{"start":{"line":89,"column":53},"end":{"line":89,"column":53}},{"start":{"line":89,"column":53},"end":{"line":89,"column":53}}]},"3":{"line":99,"type":"if","locations":[{"start":{"line":99,"column":51},"end":{"line":99,"column":51}},{"start":{"line":99,"column":51},"end":{"line":99,"column":51}}]},"4":{"line":109,"type":"if","locations":[{"start":{"line":109,"column":55},"end":{"line":109,"column":55}},{"start":{"line":109,"column":55},"end":{"line":109,"column":55}}]},"5":{"line":134,"type":"if","locations":[{"start":{"line":134,"column":13},"end":{"line":134,"column":13}},{"start":{"line":134,"column":13},"end":{"line":134,"column":13}}]},"6":{"line":160,"type":"if","locations":[{"start":{"line":160,"column":13},"end":{"line":160,"column":13}},{"start":{"line":160,"column":13},"end":{"line":160,"column":13}}]},"7":{"line":169,"type":"if","locations":[{"start":{"line":169,"column":34},"end":{"line":169,"column":34}},{"start":{"line":169,"column":34},"end":{"line":169,"column":34}}]},"8":{"line":183,"type":"if","locations":[{"start":{"line":183,"column":4},"end":{"line":183,"column":4}},{"start":{"line":183,"column":4},"end":{"line":183,"column":4}}]}}},"contracts/ABStore.sol":{"l":{"80":0,"81":0,"82":0,"84":0,"85":0,"88":0,"91":0,"92":0,"93":0,"97":0,"100":0,"103":0,"105":0,"119":0,"122":0,"123":0,"145":0,"147":0,"150":0,"151":0,"154":0,"156":0,"159":0,"180":0,"182":0,"185":0,"188":0,"189":0,"192":0,"194":0,"208":0,"209":0,"222":0},"path":"/Users/pierrelouvel/_dev/anotherblock/superfluid-soulbound/apps/smart-contracts/contracts/ABStore.sol","s":{"1":0,"2":0,"3":0,"4":0,"5":0,"6":0,"7":0,"8":0,"9":0,"10":0,"11":0,"12":0,"13":0,"14":0,"15":0,"16":0,"17":0,"18":0,"19":0,"20":0},"b":{"1":[0,0],"2":[0,0],"3":[0,0],"4":[0,0],"5":[0,0],"6":[0,0],"7":[0,0],"8":[0,0],"9":[0,0],"10":[0,0]},"f":{"1":0,"2":0,"3":0,"4":0,"5":0,"6":0,"7":0},"fnMap":{"1":{"name":"constructor","line":62,"loc":{"start":{"line":62,"column":2},"end":{"line":62,"column":49}}},"2":{"name":"purchase","line":75,"loc":{"start":{"line":75,"column":2},"end":{"line":106,"column":2}}},"3":{"name":"redeem","line":115,"loc":{"start":{"line":115,"column":2},"end":{"line":124,"column":2}}},"4":{"name":"addItem","line":144,"loc":{"start":{"line":140,"column":2},"end":{"line":160,"column":2}}},"5":{"name":"updateItem","line":178,"loc":{"start":{"line":173,"column":2},"end":{"line":195,"column":2}}},"6":{"name":"setToken","line":206,"loc":{"start":{"line":206,"column":2},"end":{"line":210,"column":2}}},"7":{"name":"withdraw","line":221,"loc":{"start":{"line":221,"column":2},"end":{"line":223,"column":2}}}},"statementMap":{"1":{"start":{"line":80,"column":4},"end":{"line":80,"column":73}},"2":{"start":{"line":81,"column":4},"end":{"line":81,"column":28}},"3":{"start":{"line":82,"column":4},"end":{"line":82,"column":29}},"4":{"start":{"line":84,"column":4},"end":{"line":84,"column":2400}},"5":{"start":{"line":85,"column":6},"end":{"line":85,"column":44}},"6":{"start":{"line":88,"column":6},"end":{"line":88,"column":63}},"7":{"start":{"line":97,"column":4},"end":{"line":97,"column":63}},"8":{"start":{"line":100,"column":4},"end":{"line":100,"column":42}},"9":{"start":{"line":103,"column":4},"end":{"line":103,"column":52}},"10":{"start":{"line":105,"column":4},"end":{"line":105,"column":53}},"11":{"start":{"line":119,"column":4},"end":{"line":119,"column":73}},"12":{"start":{"line":122,"column":4},"end":{"line":122,"column":48}},"13":{"start":{"line":123,"column":4},"end":{"line":123,"column":52}},"14":{"start":{"line":145,"column":4},"end":{"line":145,"column":20}},"15":{"start":{"line":156,"column":4},"end":{"line":156,"column":67}},"16":{"start":{"line":180,"column":4},"end":{"line":180,"column":51}},"17":{"start":{"line":182,"column":4},"end":{"line":182,"column":20}},"18":{"start":{"line":194,"column":4},"end":{"line":194,"column":67}},"19":{"start":{"line":208,"column":4},"end":{"line":208,"column":58}},"20":{"start":{"line":222,"column":4},"end":{"line":222,"column":53}}},"branchMap":{"1":{"line":80,"type":"if","locations":[{"start":{"line":80,"column":4},"end":{"line":80,"column":4}},{"start":{"line":80,"column":4},"end":{"line":80,"column":4}}]},"2":{"line":88,"type":"if","locations":[{"start":{"line":88,"column":6},"end":{"line":88,"column":6}},{"start":{"line":88,"column":6},"end":{"line":88,"column":6}}]},"3":{"line":97,"type":"if","locations":[{"start":{"line":97,"column":4},"end":{"line":97,"column":4}},{"start":{"line":97,"column":4},"end":{"line":97,"column":4}}]},"4":{"line":119,"type":"if","locations":[{"start":{"line":119,"column":4},"end":{"line":119,"column":4}},{"start":{"line":119,"column":4},"end":{"line":119,"column":4}}]},"5":{"line":144,"type":"if","locations":[{"start":{"line":144,"column":13},"end":{"line":144,"column":13}},{"start":{"line":144,"column":13},"end":{"line":144,"column":13}}]},"6":{"line":178,"type":"if","locations":[{"start":{"line":178,"column":13},"end":{"line":178,"column":13}},{"start":{"line":178,"column":13},"end":{"line":178,"column":13}}]},"7":{"line":180,"type":"if","locations":[{"start":{"line":180,"column":4},"end":{"line":180,"column":4}},{"start":{"line":180,"column":4},"end":{"line":180,"column":4}}]},"8":{"line":206,"type":"if","locations":[{"start":{"line":206,"column":47},"end":{"line":206,"column":47}},{"start":{"line":206,"column":47},"end":{"line":206,"column":47}}]},"9":{"line":208,"type":"if","locations":[{"start":{"line":208,"column":4},"end":{"line":208,"column":4}},{"start":{"line":208,"column":4},"end":{"line":208,"column":4}}]},"10":{"line":221,"type":"if","locations":[{"start":{"line":221,"column":48},"end":{"line":221,"column":48}},{"start":{"line":221,"column":48},"end":{"line":221,"column":48}}]}}},"contracts/ABStream.sol":{"l":{"93":0,"94":0,"97":0,"110":0,"111":0,"128":0,"131":0,"134":0,"137":0,"149":0,"152":0,"155":0,"165":0,"175":0,"185":0,"209":0,"230":0,"233":0,"236":0,"239":0,"244":0,"246":0,"249":0,"252":0,"264":0,"267":0,"270":0,"273":0,"278":0,"280":0,"283":0,"286":0,"301":0,"306":0,"318":0,"320":0,"322":0,"324":0,"327":0,"344":0,"345":0,"350":0,"368":0,"369":0,"383":0,"384":0,"398":0,"399":0,"419":0,"422":0,"425":0,"428":0,"443":0,"446":0,"463":0,"465":0,"467":0,"469":0,"470":0,"472":0,"474":0,"491":0,"497":0,"499":0,"501":0,"503":0,"504":0,"506":0,"508":0},"path":"/Users/pierrelouvel/_dev/anotherblock/superfluid-soulbound/apps/smart-contracts/contracts/ABStream.sol","s":{"1":0,"2":0,"3":0,"4":0,"5":0,"6":0,"7":0,"8":0,"9":0,"10":0,"11":0,"12":0,"13":0,"14":0,"15":0,"16":0,"17":0,"18":0,"19":0,"20":0,"21":0,"22":0,"23":0,"24":0,"25":0,"26":0,"27":0,"28":0,"29":0,"30":0,"31":0,"32":0,"33":0,"34":0,"35":0,"36":0,"37":0,"38":0,"39":0,"40":0,"41":0,"42":0,"43":0,"44":0,"45":0,"46":0,"47":0,"48":0,"49":0,"50":0,"51":0,"52":0,"53":0,"54":0,"55":0,"56":0,"57":0,"58":0,"59":0},"b":{"1":[0,0],"2":[0,0],"3":[0,0],"4":[0,0],"5":[0,0],"6":[0,0],"7":[0,0],"8":[0,0],"9":[0,0],"10":[0,0],"11":[0,0],"12":[0,0],"13":[0,0],"14":[0,0],"15":[0,0],"16":[0,0],"17":[0,0],"18":[0,0],"19":[0,0],"20":[0,0],"21":[0,0],"22":[0,0],"23":[0,0],"24":[0,0],"25":[0,0],"26":[0,0],"27":[0,0],"28":[0,0],"29":[0,0],"30":[0,0],"31":[0,0],"32":[0,0],"33":[0,0],"34":[0,0],"35":[0,0]},"f":{"1":0,"2":0,"3":0,"4":0,"5":0,"6":0,"7":0,"8":0,"9":0,"10":0,"11":0,"12":0,"13":0,"14":0,"15":0,"16":0,"17":0,"18":0,"19":0},"fnMap":{"1":{"name":"constructor","line":88,"loc":{"start":{"line":88,"column":2},"end":{"line":112,"column":2}}},"2":{"name":"updateStream","line":122,"loc":{"start":{"line":122,"column":2},"end":{"line":138,"column":2}}},"3":{"name":"setBaseFlow","line":147,"loc":{"start":{"line":147,"column":2},"end":{"line":156,"column":2}}},"4":{"name":"getABToken","line":164,"loc":{"start":{"line":164,"column":2},"end":{"line":166,"column":2}}},"5":{"name":"getABRegistry","line":174,"loc":{"start":{"line":174,"column":2},"end":{"line":176,"column":2}}},"6":{"name":"getABRelay","line":184,"loc":{"start":{"line":184,"column":2},"end":{"line":186,"column":2}}},"7":{"name":"getFlow","line":199,"loc":{"start":{"line":199,"column":2},"end":{"line":215,"column":2}}},"8":{"name":"_increaseFlow","line":229,"loc":{"start":{"line":229,"column":2},"end":{"line":253,"column":2}}},"9":{"name":"_reduceFlow","line":263,"loc":{"start":{"line":263,"column":2},"end":{"line":287,"column":2}}},"10":{"name":"_getOutflow","line":300,"loc":{"start":{"line":300,"column":2},"end":{"line":307,"column":2}}},"11":{"name":"getUserBoost","line":317,"loc":{"start":{"line":317,"column":2},"end":{"line":328,"column":2}}},"12":{"name":"_isConditionSatisfied","line":339,"loc":{"start":{"line":339,"column":2},"end":{"line":351,"column":2}}},"13":{"name":"setABToken","line":366,"loc":{"start":{"line":366,"column":2},"end":{"line":370,"column":2}}},"14":{"name":"setABRegistry","line":381,"loc":{"start":{"line":381,"column":2},"end":{"line":385,"column":2}}},"15":{"name":"setABRelay","line":396,"loc":{"start":{"line":396,"column":2},"end":{"line":400,"column":2}}},"16":{"name":"addBoost","line":417,"loc":{"start":{"line":413,"column":2},"end":{"line":429,"column":2}}},"17":{"name":"updateBoost","line":441,"loc":{"start":{"line":441,"column":2},"end":{"line":447,"column":2}}},"18":{"name":"grantSpecialBoost","line":461,"loc":{"start":{"line":459,"column":2},"end":{"line":475,"column":2}}},"19":{"name":"revokeSpecialBoost","line":489,"loc":{"start":{"line":487,"column":2},"end":{"line":509,"column":2}}}},"statementMap":{"1":{"start":{"line":93,"column":4},"end":{"line":93,"column":3131}},"2":{"start":{"line":128,"column":4},"end":{"line":128,"column":50}},"3":{"start":{"line":131,"column":4},"end":{"line":131,"column":38}},"4":{"start":{"line":134,"column":4},"end":{"line":134,"column":42}},"5":{"start":{"line":137,"column":4},"end":{"line":137,"column":39}},"6":{"start":{"line":149,"column":4},"end":{"line":149,"column":50}},"7":{"start":{"line":152,"column":4},"end":{"line":152,"column":50}},"8":{"start":{"line":165,"column":4},"end":{"line":165,"column":28}},"9":{"start":{"line":175,"column":4},"end":{"line":175,"column":31}},"10":{"start":{"line":185,"column":4},"end":{"line":185,"column":19}},"11":{"start":{"line":209,"column":4},"end":{"line":209,"column":5980}},"12":{"start":{"line":230,"column":4},"end":{"line":230,"column":33}},"13":{"start":{"line":230,"column":27},"end":{"line":230,"column":33}},"14":{"start":{"line":233,"column":4},"end":{"line":233,"column":40}},"15":{"start":{"line":236,"column":4},"end":{"line":236,"column":47}},"16":{"start":{"line":239,"column":4},"end":{"line":239,"column":6862}},"17":{"start":{"line":244,"column":4},"end":{"line":244,"column":6957}},"18":{"start":{"line":246,"column":6},"end":{"line":246,"column":70}},"19":{"start":{"line":249,"column":6},"end":{"line":249,"column":70}},"20":{"start":{"line":264,"column":4},"end":{"line":264,"column":61}},"21":{"start":{"line":264,"column":55},"end":{"line":264,"column":61}},"22":{"start":{"line":267,"column":4},"end":{"line":267,"column":42}},"23":{"start":{"line":270,"column":4},"end":{"line":270,"column":49}},"24":{"start":{"line":273,"column":4},"end":{"line":273,"column":7888}},"25":{"start":{"line":278,"column":4},"end":{"line":278,"column":7983}},"26":{"start":{"line":280,"column":6},"end":{"line":280,"column":78}},"27":{"start":{"line":281,"column":11},"end":{"line":281,"column":8162}},"28":{"start":{"line":283,"column":6},"end":{"line":283,"column":72}},"29":{"start":{"line":301,"column":4},"end":{"line":301,"column":8731}},"30":{"start":{"line":306,"column":4},"end":{"line":306,"column":22}},"31":{"start":{"line":318,"column":4},"end":{"line":318,"column":24}},"32":{"start":{"line":320,"column":4},"end":{"line":320,"column":9234}},"33":{"start":{"line":322,"column":6},"end":{"line":322,"column":9350}},"34":{"start":{"line":327,"column":4},"end":{"line":327,"column":21}},"35":{"start":{"line":344,"column":4},"end":{"line":344,"column":9908}},"36":{"start":{"line":345,"column":6},"end":{"line":345,"column":9988}},"37":{"start":{"line":348,"column":8},"end":{"line":348,"column":20}},"38":{"start":{"line":350,"column":4},"end":{"line":350,"column":15}},"39":{"start":{"line":368,"column":4},"end":{"line":368,"column":58}},"40":{"start":{"line":383,"column":4},"end":{"line":383,"column":61}},"41":{"start":{"line":398,"column":4},"end":{"line":398,"column":58}},"42":{"start":{"line":419,"column":4},"end":{"line":419,"column":73}},"43":{"start":{"line":422,"column":4},"end":{"line":422,"column":50}},"44":{"start":{"line":425,"column":4},"end":{"line":425,"column":66}},"45":{"start":{"line":443,"column":4},"end":{"line":443,"column":60}},"46":{"start":{"line":463,"column":4},"end":{"line":463,"column":75}},"47":{"start":{"line":465,"column":4},"end":{"line":465,"column":40}},"48":{"start":{"line":467,"column":4},"end":{"line":467,"column":47}},"49":{"start":{"line":469,"column":4},"end":{"line":469,"column":13718}},"50":{"start":{"line":470,"column":6},"end":{"line":470,"column":70}},"51":{"start":{"line":472,"column":6},"end":{"line":472,"column":70}},"52":{"start":{"line":491,"column":4},"end":{"line":491,"column":14381}},"53":{"start":{"line":497,"column":4},"end":{"line":497,"column":42}},"54":{"start":{"line":499,"column":4},"end":{"line":499,"column":67}},"55":{"start":{"line":501,"column":4},"end":{"line":501,"column":47}},"56":{"start":{"line":503,"column":4},"end":{"line":503,"column":14661}},"57":{"start":{"line":504,"column":6},"end":{"line":504,"column":78}},"58":{"start":{"line":505,"column":11},"end":{"line":505,"column":14773}},"59":{"start":{"line":506,"column":6},"end":{"line":506,"column":72}}},"branchMap":{"1":{"line":93,"type":"if","locations":[{"start":{"line":93,"column":4},"end":{"line":93,"column":4}},{"start":{"line":93,"column":4},"end":{"line":93,"column":4}}]},"2":{"line":93,"type":"cond-expr","locations":[{"start":{"line":93,"column":8},"end":{"line":93,"column":35}},{"start":{"line":93,"column":40},"end":{"line":93,"column":59}}]},"3":{"line":128,"type":"if","locations":[{"start":{"line":128,"column":4},"end":{"line":128,"column":4}},{"start":{"line":128,"column":4},"end":{"line":128,"column":4}}]},"4":{"line":149,"type":"if","locations":[{"start":{"line":149,"column":4},"end":{"line":149,"column":4}},{"start":{"line":149,"column":4},"end":{"line":149,"column":4}}]},"5":{"line":152,"type":"if","locations":[{"start":{"line":152,"column":4},"end":{"line":152,"column":4}},{"start":{"line":152,"column":4},"end":{"line":152,"column":4}}]},"6":{"line":230,"type":"if","locations":[{"start":{"line":230,"column":4},"end":{"line":230,"column":4}},{"start":{"line":230,"column":4},"end":{"line":230,"column":4}}]},"7":{"line":244,"type":"if","locations":[{"start":{"line":244,"column":4},"end":{"line":244,"column":4}},{"start":{"line":244,"column":4},"end":{"line":244,"column":4}}]},"8":{"line":264,"type":"if","locations":[{"start":{"line":264,"column":4},"end":{"line":264,"column":4}},{"start":{"line":264,"column":4},"end":{"line":264,"column":4}}]},"9":{"line":264,"type":"cond-expr","locations":[{"start":{"line":264,"column":8},"end":{"line":264,"column":29}},{"start":{"line":264,"column":34},"end":{"line":264,"column":52}}]},"10":{"line":278,"type":"if","locations":[{"start":{"line":278,"column":4},"end":{"line":278,"column":4}},{"start":{"line":278,"column":4},"end":{"line":278,"column":4}}]},"11":{"line":281,"type":"if","locations":[{"start":{"line":281,"column":11},"end":{"line":281,"column":11}},{"start":{"line":281,"column":11},"end":{"line":281,"column":11}}]},"12":{"line":322,"type":"if","locations":[{"start":{"line":322,"column":6},"end":{"line":322,"column":6}},{"start":{"line":322,"column":6},"end":{"line":322,"column":6}}]},"13":{"line":345,"type":"if","locations":[{"start":{"line":345,"column":6},"end":{"line":345,"column":6}},{"start":{"line":345,"column":6},"end":{"line":345,"column":6}}]},"14":{"line":366,"type":"if","locations":[{"start":{"line":366,"column":49},"end":{"line":366,"column":49}},{"start":{"line":366,"column":49},"end":{"line":366,"column":49}}]},"15":{"line":368,"type":"if","locations":[{"start":{"line":368,"column":4},"end":{"line":368,"column":4}},{"start":{"line":368,"column":4},"end":{"line":368,"column":4}}]},"16":{"line":381,"type":"if","locations":[{"start":{"line":381,"column":55},"end":{"line":381,"column":55}},{"start":{"line":381,"column":55},"end":{"line":381,"column":55}}]},"17":{"line":383,"type":"if","locations":[{"start":{"line":383,"column":4},"end":{"line":383,"column":4}},{"start":{"line":383,"column":4},"end":{"line":383,"column":4}}]},"18":{"line":396,"type":"if","locations":[{"start":{"line":396,"column":49},"end":{"line":396,"column":49}},{"start":{"line":396,"column":49},"end":{"line":396,"column":49}}]},"19":{"line":398,"type":"if","locations":[{"start":{"line":398,"column":4},"end":{"line":398,"column":4}},{"start":{"line":398,"column":4},"end":{"line":398,"column":4}}]},"20":{"line":417,"type":"if","locations":[{"start":{"line":417,"column":13},"end":{"line":417,"column":13}},{"start":{"line":417,"column":13},"end":{"line":417,"column":13}}]},"21":{"line":419,"type":"if","locations":[{"start":{"line":419,"column":4},"end":{"line":419,"column":4}},{"start":{"line":419,"column":4},"end":{"line":419,"column":4}}]},"22":{"line":422,"type":"if","locations":[{"start":{"line":422,"column":4},"end":{"line":422,"column":4}},{"start":{"line":422,"column":4},"end":{"line":422,"column":4}}]},"23":{"line":441,"type":"if","locations":[{"start":{"line":441,"column":67},"end":{"line":441,"column":67}},{"start":{"line":441,"column":67},"end":{"line":441,"column":67}}]},"24":{"line":443,"type":"if","locations":[{"start":{"line":443,"column":4},"end":{"line":443,"column":4}},{"start":{"line":443,"column":4},"end":{"line":443,"column":4}}]},"25":{"line":461,"type":"if","locations":[{"start":{"line":461,"column":4},"end":{"line":461,"column":4}},{"start":{"line":461,"column":4},"end":{"line":461,"column":4}}]},"26":{"line":463,"type":"if","locations":[{"start":{"line":463,"column":4},"end":{"line":463,"column":4}},{"start":{"line":463,"column":4},"end":{"line":463,"column":4}}]},"27":{"line":463,"type":"cond-expr","locations":[{"start":{"line":463,"column":8},"end":{"line":463,"column":24}},{"start":{"line":463,"column":29},"end":{"line":463,"column":46}}]},"28":{"line":469,"type":"if","locations":[{"start":{"line":469,"column":4},"end":{"line":469,"column":4}},{"start":{"line":469,"column":4},"end":{"line":469,"column":4}}]},"29":{"line":489,"type":"if","locations":[{"start":{"line":489,"column":4},"end":{"line":489,"column":4}},{"start":{"line":489,"column":4},"end":{"line":489,"column":4}}]},"30":{"line":491,"type":"if","locations":[{"start":{"line":491,"column":4},"end":{"line":491,"column":4}},{"start":{"line":491,"column":4},"end":{"line":491,"column":4}}]},"31":{"line":492,"type":"cond-expr","locations":[{"start":{"line":492,"column":6},"end":{"line":492,"column":24}},{"start":{"line":493,"column":6},"end":{"line":493,"column":23}}]},"32":{"line":492,"type":"cond-expr","locations":[{"start":{"line":492,"column":6},"end":{"line":493,"column":23}},{"start":{"line":494,"column":6},"end":{"line":494,"column":40}}]},"33":{"line":499,"type":"if","locations":[{"start":{"line":499,"column":4},"end":{"line":499,"column":4}},{"start":{"line":499,"column":4},"end":{"line":499,"column":4}}]},"34":{"line":503,"type":"if","locations":[{"start":{"line":503,"column":4},"end":{"line":503,"column":4}},{"start":{"line":503,"column":4},"end":{"line":503,"column":4}}]},"35":{"line":505,"type":"if","locations":[{"start":{"line":505,"column":11},"end":{"line":505,"column":11}},{"start":{"line":505,"column":11},"end":{"line":505,"column":11}}]}}},"contracts/ABStreamRoyalty.sol":{"l":{"63":0,"66":0,"79":0,"80":0,"82":0,"99":0,"111":0,"116":0,"118":0,"125":0,"137":0,"140":0,"143":0,"153":0,"163":0,"171":0,"179":0,"191":0,"199":0,"222":0,"223":0,"237":0,"238":0},"path":"/Users/pierrelouvel/_dev/anotherblock/superfluid-soulbound/apps/smart-contracts/contracts/ABStreamRoyalty.sol","s":{"1":0,"2":0,"3":0,"4":0,"5":0,"6":0,"7":0,"8":0,"9":0,"10":0,"11":0,"12":0,"13":0,"14":0,"15":0,"16":0},"b":{"1":[0,0],"2":[0,0],"3":[0,0],"4":[0,0],"5":[0,0],"6":[0,0],"7":[0,0]},"f":{"1":0,"2":0,"3":0,"4":0,"5":0,"6":0,"7":0,"8":0,"9":0,"10":0,"11":0},"fnMap":{"1":{"name":"constructor","line":57,"loc":{"start":{"line":57,"column":2},"end":{"line":83,"column":2}}},"2":{"name":"updateStream","line":93,"loc":{"start":{"line":93,"column":2},"end":{"line":106,"column":2}}},"3":{"name":"deleteShares","line":110,"loc":{"start":{"line":110,"column":2},"end":{"line":112,"column":2}}},"4":{"name":"distribute","line":115,"loc":{"start":{"line":115,"column":2},"end":{"line":126,"column":2}}},"5":{"name":"setBaseFlow","line":135,"loc":{"start":{"line":135,"column":2},"end":{"line":144,"column":2}}},"6":{"name":"getABRegistry","line":152,"loc":{"start":{"line":152,"column":2},"end":{"line":154,"column":2}}},"7":{"name":"getABRelay","line":162,"loc":{"start":{"line":162,"column":2},"end":{"line":164,"column":2}}},"8":{"name":"_gainShare","line":169,"loc":{"start":{"line":169,"column":2},"end":{"line":185,"column":2}}},"9":{"name":"_loseShare","line":189,"loc":{"start":{"line":189,"column":2},"end":{"line":205,"column":2}}},"10":{"name":"setABRegistry","line":220,"loc":{"start":{"line":220,"column":2},"end":{"line":224,"column":2}}},"11":{"name":"setABRelay","line":235,"loc":{"start":{"line":235,"column":2},"end":{"line":239,"column":2}}}},"statementMap":{"1":{"start":{"line":82,"column":4},"end":{"line":82,"column":36}},"2":{"start":{"line":99,"column":4},"end":{"line":99,"column":50}},"3":{"start":{"line":111,"column":4},"end":{"line":111,"column":70}},"4":{"start":{"line":116,"column":4},"end":{"line":116,"column":55}},"5":{"start":{"line":118,"column":4},"end":{"line":118,"column":4112}},"6":{"start":{"line":125,"column":4},"end":{"line":125,"column":61}},"7":{"start":{"line":137,"column":4},"end":{"line":137,"column":50}},"8":{"start":{"line":140,"column":4},"end":{"line":140,"column":50}},"9":{"start":{"line":153,"column":4},"end":{"line":153,"column":31}},"10":{"start":{"line":163,"column":4},"end":{"line":163,"column":19}},"11":{"start":{"line":171,"column":4},"end":{"line":171,"column":5645}},"12":{"start":{"line":179,"column":4},"end":{"line":179,"column":5816}},"13":{"start":{"line":191,"column":4},"end":{"line":191,"column":6184}},"14":{"start":{"line":199,"column":4},"end":{"line":199,"column":6431}},"15":{"start":{"line":222,"column":4},"end":{"line":222,"column":61}},"16":{"start":{"line":237,"column":4},"end":{"line":237,"column":58}}},"branchMap":{"1":{"line":99,"type":"if","locations":[{"start":{"line":99,"column":4},"end":{"line":99,"column":4}},{"start":{"line":99,"column":4},"end":{"line":99,"column":4}}]},"2":{"line":137,"type":"if","locations":[{"start":{"line":137,"column":4},"end":{"line":137,"column":4}},{"start":{"line":137,"column":4},"end":{"line":137,"column":4}}]},"3":{"line":140,"type":"if","locations":[{"start":{"line":140,"column":4},"end":{"line":140,"column":4}},{"start":{"line":140,"column":4},"end":{"line":140,"column":4}}]},"4":{"line":220,"type":"if","locations":[{"start":{"line":220,"column":55},"end":{"line":220,"column":55}},{"start":{"line":220,"column":55},"end":{"line":220,"column":55}}]},"5":{"line":222,"type":"if","locations":[{"start":{"line":222,"column":4},"end":{"line":222,"column":4}},{"start":{"line":222,"column":4},"end":{"line":222,"column":4}}]},"6":{"line":235,"type":"if","locations":[{"start":{"line":235,"column":49},"end":{"line":235,"column":49}},{"start":{"line":235,"column":49},"end":{"line":235,"column":49}}]},"7":{"line":237,"type":"if","locations":[{"start":{"line":237,"column":4},"end":{"line":237,"column":4}},{"start":{"line":237,"column":4},"end":{"line":237,"column":4}}]}}},"contracts/ABToken.sol":{"l":{"18":0,"19":0,"20":0,"21":0,"25":0,"29":0,"33":0,"34":0,"35":0},"path":"/Users/pierrelouvel/_dev/anotherblock/superfluid-soulbound/apps/smart-contracts/contracts/ABToken.sol","s":{"1":0,"2":0,"3":0,"4":0,"5":0,"6":0,"7":0},"b":{"1":[0,0],"2":[0,0],"3":[0,0],"4":[0,0]},"f":{"1":0,"2":0,"3":0,"4":0},"fnMap":{"1":{"name":"constructor","line":17,"loc":{"start":{"line":13,"column":2},"end":{"line":22,"column":2}}},"2":{"name":"mint","line":24,"loc":{"start":{"line":24,"column":2},"end":{"line":26,"column":2}}},"3":{"name":"burn","line":28,"loc":{"start":{"line":28,"column":2},"end":{"line":30,"column":2}}},"4":{"name":"setStore","line":32,"loc":{"start":{"line":32,"column":2},"end":{"line":36,"column":2}}}},"statementMap":{"1":{"start":{"line":19,"column":4},"end":{"line":19,"column":45}},"2":{"start":{"line":20,"column":4},"end":{"line":20,"column":33}},"3":{"start":{"line":21,"column":4},"end":{"line":21,"column":29}},"4":{"start":{"line":25,"column":4},"end":{"line":25,"column":67}},"5":{"start":{"line":29,"column":4},"end":{"line":29,"column":56}},"6":{"start":{"line":33,"column":4},"end":{"line":33,"column":48}},"7":{"start":{"line":35,"column":4},"end":{"line":35,"column":29}}},"branchMap":{"1":{"line":24,"type":"if","locations":[{"start":{"line":24,"column":61},"end":{"line":24,"column":61}},{"start":{"line":24,"column":61},"end":{"line":24,"column":61}}]},"2":{"line":28,"type":"if","locations":[{"start":{"line":28,"column":57},"end":{"line":28,"column":57}},{"start":{"line":28,"column":57},"end":{"line":28,"column":57}}]},"3":{"line":32,"type":"if","locations":[{"start":{"line":32,"column":45},"end":{"line":32,"column":45}},{"start":{"line":32,"column":45},"end":{"line":32,"column":45}}]},"4":{"line":33,"type":"if","locations":[{"start":{"line":33,"column":4},"end":{"line":33,"column":4}},{"start":{"line":33,"column":4},"end":{"line":33,"column":4}}]}}},"contracts/AnotherMinter.sol":{"l":{"76":0,"100":0,"109":0,"112":0,"125":0,"127":0,"128":0,"148":0,"172":0,"177":0,"180":0,"181":0,"184":0,"185":0,"187":0,"190":0,"192":0,"195":0,"196":0,"197":0,"202":0,"208":0,"209":0,"216":0,"217":0,"220":0,"222":0,"223":0,"224":0,"225":0,"228":0,"231":0,"232":0,"234":0,"235":0,"236":0,"248":0},"path":"/Users/pierrelouvel/_dev/anotherblock/superfluid-soulbound/apps/smart-contracts/contracts/AnotherMinter.sol","s":{"1":0,"2":0,"3":0,"4":0,"5":0,"6":0,"7":0,"8":0,"9":0,"10":0,"11":0,"12":0,"13":0,"14":0,"15":0,"16":0,"17":0,"18":0,"19":0,"20":0,"21":0,"22":0,"23":0,"24":0,"25":0,"26":0,"27":0,"28":0,"29":0},"b":{"1":[0,0],"2":[0,0],"3":[0,0],"4":[0,0],"5":[0,0],"6":[0,0],"7":[0,0],"8":[0,0],"9":[0,0],"10":[0,0],"11":[0,0],"12":[0,0],"13":[0,0],"14":[0,0]},"f":{"1":0,"2":0,"3":0,"4":0,"5":0,"6":0,"7":0},"fnMap":{"1":{"name":"constructor","line":74,"loc":{"start":{"line":67,"column":2},"end":{"line":77,"column":2}}},"2":{"name":"mint","line":94,"loc":{"start":{"line":94,"column":2},"end":{"line":101,"column":2}}},"3":{"name":"withdrawAll","line":108,"loc":{"start":{"line":108,"column":2},"end":{"line":113,"column":2}}},"4":{"name":"setDropPhases","line":122,"loc":{"start":{"line":122,"column":2},"end":{"line":130,"column":2}}},"5":{"name":"setBaseURI","line":147,"loc":{"start":{"line":147,"column":2},"end":{"line":149,"column":2}}},"6":{"name":"_mintAB","line":166,"loc":{"start":{"line":166,"column":2},"end":{"line":239,"column":2}}},"7":{"name":"_baseURI","line":247,"loc":{"start":{"line":247,"column":2},"end":{"line":249,"column":2}}}},"statementMap":{"1":{"start":{"line":100,"column":4},"end":{"line":100,"column":43}},"2":{"start":{"line":109,"column":4},"end":{"line":109,"column":4534}},"3":{"start":{"line":112,"column":4},"end":{"line":112,"column":41}},"4":{"start":{"line":125,"column":4},"end":{"line":125,"column":53}},"5":{"start":{"line":127,"column":4},"end":{"line":127,"column":5006}},"6":{"start":{"line":128,"column":6},"end":{"line":128,"column":44}},"7":{"start":{"line":172,"column":4},"end":{"line":172,"column":6849}},"8":{"start":{"line":177,"column":4},"end":{"line":177,"column":64}},"9":{"start":{"line":180,"column":4},"end":{"line":180,"column":7147}},"10":{"start":{"line":184,"column":4},"end":{"line":184,"column":7346}},"11":{"start":{"line":187,"column":4},"end":{"line":187,"column":65}},"12":{"start":{"line":190,"column":4},"end":{"line":190,"column":71}},"13":{"start":{"line":192,"column":4},"end":{"line":192,"column":28}},"14":{"start":{"line":195,"column":4},"end":{"line":195,"column":7678}},"15":{"start":{"line":196,"column":6},"end":{"line":196,"column":7732}},"16":{"start":{"line":202,"column":4},"end":{"line":202,"column":7939}},"17":{"start":{"line":208,"column":4},"end":{"line":208,"column":8150}},"18":{"start":{"line":209,"column":6},"end":{"line":209,"column":8201}},"19":{"start":{"line":216,"column":6},"end":{"line":216,"column":8394}},"20":{"start":{"line":222,"column":4},"end":{"line":222,"column":68}},"21":{"start":{"line":223,"column":4},"end":{"line":223,"column":8605}},"22":{"start":{"line":225,"column":6},"end":{"line":225,"column":46}},"23":{"start":{"line":228,"column":4},"end":{"line":228,"column":68}},"24":{"start":{"line":231,"column":4},"end":{"line":231,"column":8892}},"25":{"start":{"line":232,"column":6},"end":{"line":232,"column":8934}},"26":{"start":{"line":234,"column":6},"end":{"line":234,"column":9011}},"27":{"start":{"line":235,"column":8},"end":{"line":235,"column":73}},"28":{"start":{"line":236,"column":8},"end":{"line":236,"column":45}},"29":{"start":{"line":248,"column":4},"end":{"line":248,"column":23}}},"branchMap":{"1":{"line":112,"type":"if","locations":[{"start":{"line":112,"column":4},"end":{"line":112,"column":4}},{"start":{"line":112,"column":4},"end":{"line":112,"column":4}}]},"2":{"line":125,"type":"if","locations":[{"start":{"line":125,"column":4},"end":{"line":125,"column":4}},{"start":{"line":125,"column":4},"end":{"line":125,"column":4}}]},"3":{"line":147,"type":"if","locations":[{"start":{"line":147,"column":60},"end":{"line":147,"column":60}},{"start":{"line":147,"column":60},"end":{"line":147,"column":60}}]},"4":{"line":177,"type":"if","locations":[{"start":{"line":177,"column":4},"end":{"line":177,"column":4}},{"start":{"line":177,"column":4},"end":{"line":177,"column":4}}]},"5":{"line":180,"type":"if","locations":[{"start":{"line":180,"column":4},"end":{"line":180,"column":4}},{"start":{"line":180,"column":4},"end":{"line":180,"column":4}}]},"6":{"line":184,"type":"if","locations":[{"start":{"line":184,"column":4},"end":{"line":184,"column":4}},{"start":{"line":184,"column":4},"end":{"line":184,"column":4}}]},"7":{"line":190,"type":"if","locations":[{"start":{"line":190,"column":4},"end":{"line":190,"column":4}},{"start":{"line":190,"column":4},"end":{"line":190,"column":4}}]},"8":{"line":196,"type":"if","locations":[{"start":{"line":196,"column":6},"end":{"line":196,"column":6}},{"start":{"line":196,"column":6},"end":{"line":196,"column":6}}]},"9":{"line":202,"type":"if","locations":[{"start":{"line":202,"column":4},"end":{"line":202,"column":4}},{"start":{"line":202,"column":4},"end":{"line":202,"column":4}}]},"10":{"line":208,"type":"if","locations":[{"start":{"line":208,"column":4},"end":{"line":208,"column":4}},{"start":{"line":208,"column":4},"end":{"line":208,"column":4}}]},"11":{"line":216,"type":"if","locations":[{"start":{"line":216,"column":6},"end":{"line":216,"column":6}},{"start":{"line":216,"column":6},"end":{"line":216,"column":6}}]},"12":{"line":231,"type":"if","locations":[{"start":{"line":231,"column":4},"end":{"line":231,"column":4}},{"start":{"line":231,"column":4},"end":{"line":231,"column":4}}]},"13":{"line":234,"type":"if","locations":[{"start":{"line":234,"column":6},"end":{"line":234,"column":6}},{"start":{"line":234,"column":6},"end":{"line":234,"column":6}}]},"14":{"line":236,"type":"if","locations":[{"start":{"line":236,"column":8},"end":{"line":236,"column":8}},{"start":{"line":236,"column":8},"end":{"line":236,"column":8}}]}}},"contracts/ERC721AB.sol":{"l":{"60":0,"66":0,"67":0,"68":0,"70":0,"91":0,"93":0,"94":0,"96":0,"97":0,"98":0,"100":0,"113":0,"133":0,"139":0,"162":0,"167":0,"170":0,"171":0,"174":0,"175":0,"178":0,"179":0,"182":0,"186":0,"191":0,"198":0,"199":0,"202":0,"205":0,"209":0,"212":0,"213":0,"214":0,"215":0,"218":0,"221":0,"222":0,"224":0,"225":0,"238":0,"239":0},"path":"/Users/pierrelouvel/_dev/anotherblock/superfluid-soulbound/apps/smart-contracts/contracts/ERC721AB.sol","s":{"1":0,"2":0,"3":0,"4":0,"5":0,"6":0,"7":0,"8":0,"9":0,"10":0,"11":0,"12":0,"13":0,"14":0,"15":0,"16":0,"17":0,"18":0,"19":0,"20":0,"21":0,"22":0,"23":0,"24":0,"25":0,"26":0,"27":0,"28":0,"29":0,"30":0},"b":{"1":[0,0],"2":[0,0],"3":[0,0],"4":[0,0],"5":[0,0],"6":[0,0],"7":[0,0],"8":[0,0],"9":[0,0],"10":[0,0],"11":[0,0],"12":[0,0],"13":[0,0],"14":[0,0]},"f":{"1":0,"2":0,"3":0,"4":0,"5":0,"6":0},"fnMap":{"1":{"name":"constructor","line":58,"loc":{"start":{"line":52,"column":2},"end":{"line":71,"column":2}}},"2":{"name":"tokensOfOwner","line":86,"loc":{"start":{"line":86,"column":2},"end":{"line":102,"column":2}}},"3":{"name":"supportsInterface","line":107,"loc":{"start":{"line":107,"column":2},"end":{"line":114,"column":2}}},"4":{"name":"setDropManager","line":131,"loc":{"start":{"line":131,"column":2},"end":{"line":140,"column":2}}},"5":{"name":"_mintAB","line":156,"loc":{"start":{"line":156,"column":2},"end":{"line":228,"column":2}}},"6":{"name":"_beforeTokenTransfer","line":233,"loc":{"start":{"line":233,"column":2},"end":{"line":249,"column":2}}}},"statementMap":{"1":{"start":{"line":60,"column":4},"end":{"line":60,"column":2291}},"2":{"start":{"line":70,"column":4},"end":{"line":70,"column":50}},"3":{"start":{"line":91,"column":4},"end":{"line":91,"column":42}},"4":{"start":{"line":93,"column":4},"end":{"line":93,"column":3464}},"5":{"start":{"line":94,"column":6},"end":{"line":94,"column":29}},"6":{"start":{"line":96,"column":6},"end":{"line":96,"column":57}},"7":{"start":{"line":97,"column":6},"end":{"line":97,"column":3598}},"8":{"start":{"line":100,"column":6},"end":{"line":100,"column":19}},"9":{"start":{"line":113,"column":4},"end":{"line":113,"column":47}},"10":{"start":{"line":133,"column":4},"end":{"line":133,"column":4916}},"11":{"start":{"line":162,"column":4},"end":{"line":162,"column":5944}},"12":{"start":{"line":167,"column":4},"end":{"line":167,"column":64}},"13":{"start":{"line":170,"column":4},"end":{"line":170,"column":6218}},"14":{"start":{"line":174,"column":4},"end":{"line":174,"column":6379}},"15":{"start":{"line":178,"column":4},"end":{"line":178,"column":6578}},"16":{"start":{"line":182,"column":4},"end":{"line":182,"column":6720}},"17":{"start":{"line":186,"column":6},"end":{"line":186,"column":6939}},"18":{"start":{"line":191,"column":6},"end":{"line":191,"column":7067}},"19":{"start":{"line":198,"column":6},"end":{"line":198,"column":7248}},"20":{"start":{"line":205,"column":6},"end":{"line":205,"column":7508}},"21":{"start":{"line":212,"column":4},"end":{"line":212,"column":68}},"22":{"start":{"line":213,"column":4},"end":{"line":213,"column":7767}},"23":{"start":{"line":215,"column":6},"end":{"line":215,"column":46}},"24":{"start":{"line":218,"column":4},"end":{"line":218,"column":68}},"25":{"start":{"line":221,"column":4},"end":{"line":221,"column":8054}},"26":{"start":{"line":222,"column":6},"end":{"line":222,"column":8096}},"27":{"start":{"line":224,"column":6},"end":{"line":224,"column":8173}},"28":{"start":{"line":225,"column":8},"end":{"line":225,"column":53}},"29":{"start":{"line":238,"column":4},"end":{"line":238,"column":51}},"30":{"start":{"line":239,"column":4},"end":{"line":239,"column":8530}}},"branchMap":{"1":{"line":60,"type":"if","locations":[{"start":{"line":60,"column":4},"end":{"line":60,"column":4}},{"start":{"line":60,"column":4},"end":{"line":60,"column":4}}]},"2":{"line":93,"type":"if","locations":[{"start":{"line":93,"column":4},"end":{"line":93,"column":4}},{"start":{"line":93,"column":4},"end":{"line":93,"column":4}}]},"3":{"line":131,"type":"if","locations":[{"start":{"line":131,"column":57},"end":{"line":131,"column":57}},{"start":{"line":131,"column":57},"end":{"line":131,"column":57}}]},"4":{"line":133,"type":"if","locations":[{"start":{"line":133,"column":4},"end":{"line":133,"column":4}},{"start":{"line":133,"column":4},"end":{"line":133,"column":4}}]},"5":{"line":167,"type":"if","locations":[{"start":{"line":167,"column":4},"end":{"line":167,"column":4}},{"start":{"line":167,"column":4},"end":{"line":167,"column":4}}]},"6":{"line":170,"type":"if","locations":[{"start":{"line":170,"column":4},"end":{"line":170,"column":4}},{"start":{"line":170,"column":4},"end":{"line":170,"column":4}}]},"7":{"line":174,"type":"if","locations":[{"start":{"line":174,"column":4},"end":{"line":174,"column":4}},{"start":{"line":174,"column":4},"end":{"line":174,"column":4}}]},"8":{"line":178,"type":"if","locations":[{"start":{"line":178,"column":4},"end":{"line":178,"column":4}},{"start":{"line":178,"column":4},"end":{"line":178,"column":4}}]},"9":{"line":182,"type":"if","locations":[{"start":{"line":182,"column":4},"end":{"line":182,"column":4}},{"start":{"line":182,"column":4},"end":{"line":182,"column":4}}]},"10":{"line":186,"type":"if","locations":[{"start":{"line":186,"column":6},"end":{"line":186,"column":6}},{"start":{"line":186,"column":6},"end":{"line":186,"column":6}}]},"11":{"line":198,"type":"if","locations":[{"start":{"line":198,"column":6},"end":{"line":198,"column":6}},{"start":{"line":198,"column":6},"end":{"line":198,"column":6}}]},"12":{"line":205,"type":"if","locations":[{"start":{"line":205,"column":6},"end":{"line":205,"column":6}},{"start":{"line":205,"column":6},"end":{"line":205,"column":6}}]},"13":{"line":221,"type":"if","locations":[{"start":{"line":221,"column":4},"end":{"line":221,"column":4}},{"start":{"line":221,"column":4},"end":{"line":221,"column":4}}]},"14":{"line":224,"type":"if","locations":[{"start":{"line":224,"column":6},"end":{"line":224,"column":6}},{"start":{"line":224,"column":6},"end":{"line":224,"column":6}}]}}},"contracts/ERC721ABErrors.sol":{"l":{},"path":"/Users/pierrelouvel/_dev/anotherblock/superfluid-soulbound/apps/smart-contracts/contracts/ERC721ABErrors.sol","s":{},"b":{},"f":{},"fnMap":{},"statementMap":{},"branchMap":{}},"contracts/ERC721ABv2.sol":{"l":{"74":0,"75":0,"76":0,"95":0,"112":0,"113":0},"path":"/Users/pierrelouvel/_dev/anotherblock/superfluid-soulbound/apps/smart-contracts/contracts/ERC721ABv2.sol","s":{"1":0,"2":0},"b":{"1":[0,0]},"f":{"1":0,"2":0,"3":0},"fnMap":{"1":{"name":"constructor","line":73,"loc":{"start":{"line":67,"column":2},"end":{"line":77,"column":2}}},"2":{"name":"setDropManager","line":94,"loc":{"start":{"line":94,"column":2},"end":{"line":96,"column":2}}},"3":{"name":"_beforeTokenTransfer","line":107,"loc":{"start":{"line":107,"column":2},"end":{"line":123,"column":2}}}},"statementMap":{"1":{"start":{"line":112,"column":4},"end":{"line":112,"column":51}},"2":{"start":{"line":113,"column":4},"end":{"line":113,"column":4820}}},"branchMap":{"1":{"line":94,"type":"if","locations":[{"start":{"line":94,"column":57},"end":{"line":94,"column":57}},{"start":{"line":94,"column":57},"end":{"line":94,"column":57}}]}}},"contracts/interfaces/IABDropManager.sol":{"l":{},"path":"/Users/pierrelouvel/_dev/anotherblock/superfluid-soulbound/apps/smart-contracts/contracts/interfaces/IABDropManager.sol","s":{},"b":{},"f":{},"fnMap":{},"statementMap":{},"branchMap":{}},"contracts/interfaces/IABRegistry.sol":{"l":{},"path":"/Users/pierrelouvel/_dev/anotherblock/superfluid-soulbound/apps/smart-contracts/contracts/interfaces/IABRegistry.sol","s":{},"b":{},"f":{},"fnMap":{},"statementMap":{},"branchMap":{}},"contracts/interfaces/IABStream.sol":{"l":{},"path":"/Users/pierrelouvel/_dev/anotherblock/superfluid-soulbound/apps/smart-contracts/contracts/interfaces/IABStream.sol","s":{},"b":{},"f":{},"fnMap":{},"statementMap":{},"branchMap":{}},"contracts/interfaces/IABToken.sol":{"l":{},"path":"/Users/pierrelouvel/_dev/anotherblock/superfluid-soulbound/apps/smart-contracts/contracts/interfaces/IABToken.sol","s":{},"b":{},"f":{},"fnMap":{},"statementMap":{},"branchMap":{}},"contracts/interfaces/IAnotherMinter.sol":{"l":{},"path":"/Users/pierrelouvel/_dev/anotherblock/superfluid-soulbound/apps/smart-contracts/contracts/interfaces/IAnotherMinter.sol","s":{},"b":{},"f":{},"fnMap":{},"statementMap":{},"branchMap":{}},"contracts/interfaces/IERC721AB.sol":{"l":{},"path":"/Users/pierrelouvel/_dev/anotherblock/superfluid-soulbound/apps/smart-contracts/contracts/interfaces/IERC721AB.sol","s":{},"b":{},"f":{},"fnMap":{},"statementMap":{},"branchMap":{}},"contracts/interfaces/ISuperSoulbound.sol":{"l":{},"path":"/Users/pierrelouvel/_dev/anotherblock/superfluid-soulbound/apps/smart-contracts/contracts/interfaces/ISuperSoulbound.sol","s":{},"b":{},"f":{},"fnMap":{},"statementMap":{},"branchMap":{}},"contracts/mock/MockERC20.sol":{"l":{},"path":"/Users/pierrelouvel/_dev/anotherblock/superfluid-soulbound/apps/smart-contracts/contracts/mock/MockERC20.sol","s":{},"b":{},"f":{"1":3},"fnMap":{"1":{"name":"constructor","line":7,"loc":{"start":{"line":7,"column":2},"end":{"line":7,"column":59}}}},"statementMap":{},"branchMap":{}},"contracts/mock/MockMessenger.sol":{"l":{"12":0,"20":0,"21":0,"22":0,"23":0,"27":0},"path":"/Users/pierrelouvel/_dev/anotherblock/superfluid-soulbound/apps/smart-contracts/contracts/mock/MockMessenger.sol","s":{"1":0},"b":{},"f":{"1":0,"2":0,"3":0},"fnMap":{"1":{"name":"xDomainMessageSender","line":11,"loc":{"start":{"line":11,"column":2},"end":{"line":13,"column":2}}},"2":{"name":"sendMessage","line":15,"loc":{"start":{"line":15,"column":2},"end":{"line":24,"column":2}}},"3":{"name":"setLastCaller","line":26,"loc":{"start":{"line":26,"column":2},"end":{"line":28,"column":2}}}},"statementMap":{"1":{"start":{"line":12,"column":4},"end":{"line":12,"column":21}}},"branchMap":{}},"contracts/SuperfluidSoulbound.sol":{"l":{"69":0,"70":0,"80":0,"98":0,"99":0,"102":0,"103":0,"108":0,"109":0,"112":0,"135":0,"136":0,"148":0,"149":0,"158":0,"167":0,"173":0,"175":0,"184":0,"194":0,"202":0,"205":0,"209":0,"210":0,"211":0,"215":0,"218":0,"226":0,"227":0,"228":0,"232":0,"233":0,"237":0,"238":0,"254":0,"255":0,"256":0,"257":0,"258":0,"259":0,"263":0,"264":0,"273":0,"274":0,"282":0,"283":0,"284":0,"285":0,"286":0,"288":0,"289":0,"290":0,"298":0,"299":0,"300":0,"301":0,"302":0,"303":0,"307":0,"308":0,"317":0,"320":0,"321":0,"331":0,"334":0,"343":0,"356":0,"360":0,"361":0,"364":0,"368":0,"370":0,"372":0,"373":0,"374":0,"383":0,"384":0,"386":0,"387":0,"388":0,"393":0,"400":0,"414":0,"415":0,"419":0,"423":0,"431":0,"432":0,"434":0,"437":0,"438":0,"442":0,"446":0,"447":0,"449":0},"path":"/Users/pierrelouvel/_dev/anotherblock/superfluid-soulbound/apps/smart-contracts/contracts/SuperfluidSoulbound.sol","s":{"1":0,"2":0,"3":0,"4":0,"5":0,"6":0,"7":0,"8":0,"9":0,"10":0,"11":0,"12":0,"13":0,"14":0,"15":0,"16":0,"17":0,"18":0,"19":0,"20":0,"21":0,"22":0,"23":0,"24":0,"25":0,"26":0,"27":0,"28":0,"29":0,"30":0,"31":0,"32":0,"33":0,"34":0,"35":0,"36":0,"37":0,"38":0,"39":0,"40":0,"41":0,"42":0,"43":0,"44":0,"45":0,"46":0,"47":0,"48":0,"49":0,"50":0,"51":0,"52":0,"53":0,"54":0,"55":0},"b":{"1":[0,0],"2":[0,0],"3":[0,0],"4":[0,0],"5":[0,0],"6":[0,0],"7":[0,0],"8":[0,0],"9":[0,0],"10":[0,0],"11":[0,0],"12":[0,0],"13":[0,0],"14":[0,0],"15":[0,0],"16":[0,0],"17":[0,0]},"f":{"1":0,"2":0,"3":0,"4":0,"5":0,"6":0,"7":0,"8":0,"9":0,"10":0,"11":0,"12":0,"13":0,"14":0,"15":0,"16":0,"17":0,"18":0,"19":0,"20":0,"21":0,"22":0,"23":0,"24":0,"25":0,"26":0,"27":0},"fnMap":{"1":{"name":"constructor","line":68,"loc":{"start":{"line":68,"column":2},"end":{"line":71,"column":2}}},"2":{"name":"getHost","line":74,"loc":{"start":{"line":74,"column":2},"end":{"line":81,"column":2}}},"3":{"name":"realtimeBalanceOf","line":88,"loc":{"start":{"line":88,"column":2},"end":{"line":121,"column":2}}},"4":{"name":"realtimeBalanceOfNow","line":124,"loc":{"start":{"line":124,"column":2},"end":{"line":140,"column":2}}},"5":{"name":"isAccountCritical","line":142,"loc":{"start":{"line":142,"column":2},"end":{"line":150,"column":2}}},"6":{"name":"isAccountCriticalNow","line":152,"loc":{"start":{"line":152,"column":2},"end":{"line":159,"column":2}}},"7":{"name":"isAccountSolvent","line":161,"loc":{"start":{"line":161,"column":2},"end":{"line":176,"column":2}}},"8":{"name":"isAccountSolventNow","line":178,"loc":{"start":{"line":178,"column":2},"end":{"line":185,"column":2}}},"9":{"name":"getAccountActiveAgreements","line":188,"loc":{"start":{"line":188,"column":2},"end":{"line":195,"column":2}}},"10":{"name":"_mint","line":201,"loc":{"start":{"line":201,"column":2},"end":{"line":206,"column":2}}},"11":{"name":"_burn","line":208,"loc":{"start":{"line":208,"column":2},"end":{"line":219,"column":2}}},"12":{"name":"_move","line":221,"loc":{"start":{"line":221,"column":2},"end":{"line":234,"column":2}}},"13":{"name":"_getRewardAccount","line":236,"loc":{"start":{"line":236,"column":2},"end":{"line":243,"column":2}}},"14":{"name":"createAgreement","line":250,"loc":{"start":{"line":250,"column":2},"end":{"line":265,"column":2}}},"15":{"name":"getAgreementData","line":268,"loc":{"start":{"line":268,"column":2},"end":{"line":275,"column":2}}},"16":{"name":"updateAgreementData","line":278,"loc":{"start":{"line":278,"column":2},"end":{"line":291,"column":2}}},"17":{"name":"terminateAgreement","line":294,"loc":{"start":{"line":294,"column":2},"end":{"line":309,"column":2}}},"18":{"name":"updateAgreementStateSlot","line":312,"loc":{"start":{"line":312,"column":2},"end":{"line":322,"column":2}}},"19":{"name":"getAgreementStateSlot","line":325,"loc":{"start":{"line":325,"column":2},"end":{"line":335,"column":2}}},"20":{"name":"settleBalance","line":341,"loc":{"start":{"line":338,"column":2},"end":{"line":344,"column":2}}},"21":{"name":"makeLiquidationPayoutsV2","line":355,"loc":{"start":{"line":347,"column":2},"end":{"line":410,"column":2}}},"22":{"name":"setAllowedId","line":412,"loc":{"start":{"line":412,"column":2},"end":{"line":416,"column":2}}},"23":{"name":"isAllowed","line":418,"loc":{"start":{"line":418,"column":2},"end":{"line":420,"column":2}}},"24":{"name":"setAdmin","line":422,"loc":{"start":{"line":422,"column":2},"end":{"line":424,"column":2}}},"25":{"name":"onlyAdmin","line":430,"loc":{"start":{"line":430,"column":2},"end":{"line":435,"column":2}}},"26":{"name":"onlyAgreement","line":436,"loc":{"start":{"line":436,"column":2},"end":{"line":443,"column":2}}},"27":{"name":"onlyHost","line":445,"loc":{"start":{"line":445,"column":2},"end":{"line":450,"column":2}}}},"statementMap":{"1":{"start":{"line":80,"column":4},"end":{"line":80,"column":25}},"2":{"start":{"line":99,"column":4},"end":{"line":99,"column":3272}},"3":{"start":{"line":102,"column":4},"end":{"line":102,"column":3368}},"4":{"start":{"line":103,"column":6},"end":{"line":103,"column":3499}},"5":{"start":{"line":148,"column":4},"end":{"line":148,"column":73}},"6":{"start":{"line":149,"column":4},"end":{"line":149,"column":31}},"7":{"start":{"line":158,"column":4},"end":{"line":158,"column":53}},"8":{"start":{"line":167,"column":4},"end":{"line":167,"column":5127}},"9":{"start":{"line":173,"column":4},"end":{"line":173,"column":5361}},"10":{"start":{"line":175,"column":4},"end":{"line":175,"column":31}},"11":{"start":{"line":184,"column":4},"end":{"line":184,"column":52}},"12":{"start":{"line":194,"column":4},"end":{"line":194,"column":72}},"13":{"start":{"line":209,"column":4},"end":{"line":209,"column":78}},"14":{"start":{"line":210,"column":4},"end":{"line":210,"column":6455}},"15":{"start":{"line":226,"column":4},"end":{"line":226,"column":75}},"16":{"start":{"line":227,"column":4},"end":{"line":227,"column":6942}},"17":{"start":{"line":237,"column":4},"end":{"line":237,"column":53}},"18":{"start":{"line":254,"column":4},"end":{"line":254,"column":39}},"19":{"start":{"line":255,"column":4},"end":{"line":255,"column":7925}},"20":{"start":{"line":257,"column":4},"end":{"line":257,"column":77}},"21":{"start":{"line":258,"column":4},"end":{"line":258,"column":8078}},"22":{"start":{"line":263,"column":4},"end":{"line":263,"column":38}},"23":{"start":{"line":264,"column":4},"end":{"line":264,"column":51}},"24":{"start":{"line":273,"column":4},"end":{"line":273,"column":77}},"25":{"start":{"line":282,"column":4},"end":{"line":282,"column":39}},"26":{"start":{"line":283,"column":4},"end":{"line":283,"column":8941}},"27":{"start":{"line":285,"column":4},"end":{"line":285,"column":9015}},"28":{"start":{"line":288,"column":4},"end":{"line":288,"column":77}},"29":{"start":{"line":289,"column":4},"end":{"line":289,"column":38}},"30":{"start":{"line":290,"column":4},"end":{"line":290,"column":47}},"31":{"start":{"line":298,"column":4},"end":{"line":298,"column":39}},"32":{"start":{"line":299,"column":4},"end":{"line":299,"column":9484}},"33":{"start":{"line":301,"column":4},"end":{"line":301,"column":77}},"34":{"start":{"line":302,"column":4},"end":{"line":302,"column":9637}},"35":{"start":{"line":307,"column":4},"end":{"line":307,"column":44}},"36":{"start":{"line":308,"column":4},"end":{"line":308,"column":44}},"37":{"start":{"line":317,"column":4},"end":{"line":317,"column":10110}},"38":{"start":{"line":320,"column":4},"end":{"line":320,"column":42}},"39":{"start":{"line":321,"column":4},"end":{"line":321,"column":59}},"40":{"start":{"line":331,"column":4},"end":{"line":331,"column":10578}},"41":{"start":{"line":356,"column":4},"end":{"line":356,"column":47}},"42":{"start":{"line":360,"column":4},"end":{"line":360,"column":11830}},"43":{"start":{"line":364,"column":4},"end":{"line":364,"column":11938}},"44":{"start":{"line":368,"column":4},"end":{"line":368,"column":12026}},"45":{"start":{"line":370,"column":6},"end":{"line":370,"column":66}},"46":{"start":{"line":374,"column":6},"end":{"line":374,"column":12367}},"47":{"start":{"line":383,"column":6},"end":{"line":383,"column":37}},"48":{"start":{"line":388,"column":6},"end":{"line":388,"column":13015}},"49":{"start":{"line":393,"column":6},"end":{"line":393,"column":13129}},"50":{"start":{"line":400,"column":4},"end":{"line":400,"column":13265}},"51":{"start":{"line":414,"column":4},"end":{"line":414,"column":74}},"52":{"start":{"line":419,"column":4},"end":{"line":419,"column":26}},"53":{"start":{"line":431,"column":4},"end":{"line":431,"column":14055}},"54":{"start":{"line":437,"column":4},"end":{"line":437,"column":14168}},"55":{"start":{"line":446,"column":4},"end":{"line":446,"column":14398}}},"branchMap":{"1":{"line":210,"type":"if","locations":[{"start":{"line":210,"column":4},"end":{"line":210,"column":4}},{"start":{"line":210,"column":4},"end":{"line":210,"column":4}}]},"2":{"line":227,"type":"if","locations":[{"start":{"line":227,"column":4},"end":{"line":227,"column":4}},{"start":{"line":227,"column":4},"end":{"line":227,"column":4}}]},"3":{"line":255,"type":"if","locations":[{"start":{"line":255,"column":4},"end":{"line":255,"column":4}},{"start":{"line":255,"column":4},"end":{"line":255,"column":4}}]},"4":{"line":258,"type":"if","locations":[{"start":{"line":258,"column":4},"end":{"line":258,"column":4}},{"start":{"line":258,"column":4},"end":{"line":258,"column":4}}]},"5":{"line":283,"type":"if","locations":[{"start":{"line":283,"column":4},"end":{"line":283,"column":4}},{"start":{"line":283,"column":4},"end":{"line":283,"column":4}}]},"6":{"line":285,"type":"if","locations":[{"start":{"line":285,"column":4},"end":{"line":285,"column":4}},{"start":{"line":285,"column":4},"end":{"line":285,"column":4}}]},"7":{"line":299,"type":"if","locations":[{"start":{"line":299,"column":4},"end":{"line":299,"column":4}},{"start":{"line":299,"column":4},"end":{"line":299,"column":4}}]},"8":{"line":302,"type":"if","locations":[{"start":{"line":302,"column":4},"end":{"line":302,"column":4}},{"start":{"line":302,"column":4},"end":{"line":302,"column":4}}]},"9":{"line":341,"type":"if","locations":[{"start":{"line":341,"column":4},"end":{"line":341,"column":4}},{"start":{"line":341,"column":4},"end":{"line":341,"column":4}}]},"10":{"line":355,"type":"if","locations":[{"start":{"line":355,"column":22},"end":{"line":355,"column":22}},{"start":{"line":355,"column":22},"end":{"line":355,"column":22}}]},"11":{"line":360,"type":"if","locations":[{"start":{"line":360,"column":4},"end":{"line":360,"column":4}},{"start":{"line":360,"column":4},"end":{"line":360,"column":4}}]},"12":{"line":365,"type":"if","locations":[{"start":{"line":365,"column":8},"end":{"line":365,"column":20}},{"start":{"line":366,"column":8},"end":{"line":366,"column":24}}]},"13":{"line":368,"type":"if","locations":[{"start":{"line":368,"column":4},"end":{"line":368,"column":4}},{"start":{"line":368,"column":4},"end":{"line":368,"column":4}}]},"14":{"line":412,"type":"if","locations":[{"start":{"line":412,"column":51},"end":{"line":412,"column":51}},{"start":{"line":412,"column":51},"end":{"line":412,"column":51}}]},"15":{"line":431,"type":"if","locations":[{"start":{"line":431,"column":4},"end":{"line":431,"column":4}},{"start":{"line":431,"column":4},"end":{"line":431,"column":4}}]},"16":{"line":437,"type":"if","locations":[{"start":{"line":437,"column":4},"end":{"line":437,"column":4}},{"start":{"line":437,"column":4},"end":{"line":437,"column":4}}]},"17":{"line":446,"type":"if","locations":[{"start":{"line":446,"column":4},"end":{"line":446,"column":4}},{"start":{"line":446,"column":4},"end":{"line":446,"column":4}}]}}},"contracts/SuperSoulbound.sol":{"l":{"90":0,"91":0,"93":0,"94":0,"97":0,"100":0,"104":0,"109":0,"110":0,"111":0,"119":0,"123":0,"127":0,"142":0,"143":0,"148":0,"150":0,"160":0,"161":0,"178":0,"179":0,"184":0,"193":0,"195":0,"196":0,"216":0,"222":0,"223":0,"254":0,"260":0,"261":0,"270":0,"279":0,"289":0,"290":0,"298":0,"307":0,"315":0,"323":0,"331":0,"339":0,"347":0,"355":0,"359":0,"368":0,"372":0,"373":0,"374":0,"378":0,"379":0,"380":0,"389":0,"399":0,"408":0,"420":0,"428":0,"436":0,"445":0,"453":0,"462":0,"467":0,"476":0,"481":0,"492":0,"493":0,"495":0,"499":0,"500":0,"501":0,"502":0,"503":0,"504":0,"506":0,"516":0,"526":0,"527":0,"529":0,"534":0,"536":0,"537":0,"538":0,"539":0,"540":0,"541":0,"543":0,"554":0,"555":0,"558":0,"559":0,"561":0,"565":0,"566":0,"567":0,"569":0,"582":0,"591":0,"599":0,"607":0,"615":0,"616":0},"path":"/Users/pierrelouvel/_dev/anotherblock/superfluid-soulbound/apps/smart-contracts/contracts/SuperSoulbound.sol","s":{"1":0,"2":0,"3":0,"4":0,"5":0,"6":0,"7":0,"8":0,"9":0,"10":0,"11":0,"12":0,"13":0,"14":0,"15":0,"16":0,"17":0,"18":0,"19":0,"20":0,"21":0,"22":0,"23":0,"24":0,"25":0,"26":0,"27":0,"28":0,"29":0,"30":0,"31":0,"32":0,"33":0,"34":0,"35":0,"36":0,"37":0,"38":0,"39":0,"40":0,"41":0,"42":0,"43":0,"44":0,"45":0,"46":0,"47":0,"48":0,"49":0,"50":0,"51":0,"52":0,"53":0,"54":0,"55":0,"56":0,"57":0,"58":0,"59":0,"60":0,"61":0,"62":0,"63":0,"64":0,"65":0,"66":0,"67":0},"b":{"1":[0,0],"2":[0,0],"3":[0,0],"4":[0,0],"5":[0,0],"6":[0,0],"7":[0,0],"8":[0,0],"9":[0,0],"10":[0,0],"11":[0,0],"12":[0,0],"13":[0,0],"14":[0,0],"15":[0,0],"16":[0,0],"17":[0,0],"18":[0,0],"19":[0,0],"20":[0,0],"21":[0,0],"22":[0,0],"23":[0,0],"24":[0,0]},"f":{"1":0,"2":0,"3":0,"4":0,"5":0,"6":0,"7":0,"8":0,"9":0,"10":0,"11":0,"12":0,"13":0,"14":0,"15":0,"16":0,"17":0,"18":0,"19":0,"20":0,"21":0,"22":0,"23":0,"24":0,"25":0,"26":0,"27":0,"28":0,"29":0,"30":0,"31":0,"32":0,"33":0,"34":0,"35":0,"36":0,"37":0,"38":0,"39":0,"40":0,"41":0,"42":0,"43":0,"44":0,"45":0},"fnMap":{"1":{"name":"constructor","line":81,"loc":{"start":{"line":80,"column":2},"end":{"line":82,"column":3}}},"2":{"name":"initialize","line":89,"loc":{"start":{"line":84,"column":2},"end":{"line":101,"column":2}}},"3":{"name":"proxiableUUID","line":103,"loc":{"start":{"line":103,"column":2},"end":{"line":106,"column":2}}},"4":{"name":"updateCode","line":108,"loc":{"start":{"line":108,"column":2},"end":{"line":112,"column":2}}},"5":{"name":"name","line":118,"loc":{"start":{"line":118,"column":2},"end":{"line":120,"column":2}}},"6":{"name":"symbol","line":122,"loc":{"start":{"line":122,"column":2},"end":{"line":124,"column":2}}},"7":{"name":"decimals","line":126,"loc":{"start":{"line":126,"column":2},"end":{"line":128,"column":2}}},"8":{"name":"_mint","line":134,"loc":{"start":{"line":134,"column":2},"end":{"line":162,"column":2}}},"9":{"name":"_burn","line":171,"loc":{"start":{"line":171,"column":2},"end":{"line":197,"column":2}}},"10":{"name":"_callTokensToSend","line":208,"loc":{"start":{"line":208,"column":2},"end":{"line":232,"column":2}}},"11":{"name":"_callTokensReceived","line":245,"loc":{"start":{"line":245,"column":2},"end":{"line":272,"column":2}}},"12":{"name":"totalSupply","line":278,"loc":{"start":{"line":278,"column":2},"end":{"line":280,"column":2}}},"13":{"name":"balanceOf","line":282,"loc":{"start":{"line":282,"column":2},"end":{"line":291,"column":2}}},"14":{"name":"transfer","line":293,"loc":{"start":{"line":293,"column":2},"end":{"line":299,"column":2}}},"15":{"name":"allowance","line":301,"loc":{"start":{"line":301,"column":2},"end":{"line":308,"column":2}}},"16":{"name":"approve","line":310,"loc":{"start":{"line":310,"column":2},"end":{"line":316,"column":2}}},"17":{"name":"transferFrom","line":318,"loc":{"start":{"line":318,"column":2},"end":{"line":324,"column":2}}},"18":{"name":"increaseAllowance","line":326,"loc":{"start":{"line":326,"column":2},"end":{"line":332,"column":2}}},"19":{"name":"decreaseAllowance","line":334,"loc":{"start":{"line":334,"column":2},"end":{"line":340,"column":2}}},"20":{"name":"granularity","line":346,"loc":{"start":{"line":346,"column":2},"end":{"line":348,"column":2}}},"21":{"name":"send","line":350,"loc":{"start":{"line":350,"column":2},"end":{"line":356,"column":2}}},"22":{"name":"burn","line":358,"loc":{"start":{"line":358,"column":2},"end":{"line":360,"column":2}}},"23":{"name":"isOperatorFor","line":362,"loc":{"start":{"line":362,"column":2},"end":{"line":369,"column":2}}},"24":{"name":"authorizeOperator","line":371,"loc":{"start":{"line":371,"column":2},"end":{"line":375,"column":2}}},"25":{"name":"revokeOperator","line":377,"loc":{"start":{"line":377,"column":2},"end":{"line":381,"column":2}}},"26":{"name":"defaultOperators","line":383,"loc":{"start":{"line":383,"column":2},"end":{"line":390,"column":2}}},"27":{"name":"operatorSend","line":392,"loc":{"start":{"line":392,"column":2},"end":{"line":400,"column":2}}},"28":{"name":"operatorBurn","line":402,"loc":{"start":{"line":402,"column":2},"end":{"line":409,"column":2}}},"29":{"name":"selfMint","line":419,"loc":{"start":{"line":415,"column":2},"end":{"line":421,"column":2}}},"30":{"name":"selfBurn","line":427,"loc":{"start":{"line":423,"column":2},"end":{"line":429,"column":2}}},"31":{"name":"selfApproveFor","line":435,"loc":{"start":{"line":431,"column":2},"end":{"line":437,"column":2}}},"32":{"name":"selfTransferFrom","line":444,"loc":{"start":{"line":439,"column":2},"end":{"line":446,"column":2}}},"33":{"name":"transferAll","line":452,"loc":{"start":{"line":452,"column":2},"end":{"line":454,"column":2}}},"34":{"name":"getUnderlyingToken","line":461,"loc":{"start":{"line":461,"column":2},"end":{"line":463,"column":2}}},"35":{"name":"upgrade","line":466,"loc":{"start":{"line":466,"column":2},"end":{"line":468,"column":2}}},"36":{"name":"upgradeTo","line":471,"loc":{"start":{"line":471,"column":2},"end":{"line":477,"column":2}}},"37":{"name":"downgrade","line":480,"loc":{"start":{"line":480,"column":2},"end":{"line":482,"column":2}}},"38":{"name":"_upgrade","line":484,"loc":{"start":{"line":484,"column":2},"end":{"line":517,"column":2}}},"39":{"name":"_downgrade","line":519,"loc":{"start":{"line":519,"column":2},"end":{"line":544,"column":2}}},"40":{"name":"_toUnderlyingAmount","line":549,"loc":{"start":{"line":549,"column":2},"end":{"line":571,"column":2}}},"41":{"name":"operationApprove","line":581,"loc":{"start":{"line":577,"column":2},"end":{"line":583,"column":2}}},"42":{"name":"operationTransferFrom","line":590,"loc":{"start":{"line":585,"column":2},"end":{"line":592,"column":2}}},"43":{"name":"operationUpgrade","line":597,"loc":{"start":{"line":594,"column":2},"end":{"line":600,"column":2}}},"44":{"name":"operationDowngrade","line":605,"loc":{"start":{"line":602,"column":2},"end":{"line":608,"column":2}}},"45":{"name":"onlySelf","line":614,"loc":{"start":{"line":614,"column":2},"end":{"line":617,"column":2}}}},"statementMap":{"1":{"start":{"line":97,"column":4},"end":{"line":97,"column":39}},"2":{"start":{"line":100,"column":4},"end":{"line":100,"column":44}},"3":{"start":{"line":104,"column":4},"end":{"line":104,"column":3672}},"4":{"start":{"line":109,"column":4},"end":{"line":109,"column":3831}},"5":{"start":{"line":111,"column":4},"end":{"line":111,"column":47}},"6":{"start":{"line":119,"column":4},"end":{"line":119,"column":16}},"7":{"start":{"line":123,"column":4},"end":{"line":123,"column":18}},"8":{"start":{"line":127,"column":4},"end":{"line":127,"column":29}},"9":{"start":{"line":142,"column":4},"end":{"line":142,"column":4760}},"10":{"start":{"line":148,"column":4},"end":{"line":148,"column":45}},"11":{"start":{"line":150,"column":4},"end":{"line":150,"column":4960}},"12":{"start":{"line":160,"column":4},"end":{"line":160,"column":66}},"13":{"start":{"line":161,"column":4},"end":{"line":161,"column":46}},"14":{"start":{"line":178,"column":4},"end":{"line":178,"column":5678}},"15":{"start":{"line":184,"column":4},"end":{"line":184,"column":5828}},"16":{"start":{"line":193,"column":4},"end":{"line":193,"column":42}},"17":{"start":{"line":195,"column":4},"end":{"line":195,"column":63}},"18":{"start":{"line":196,"column":4},"end":{"line":196,"column":43}},"19":{"start":{"line":216,"column":4},"end":{"line":216,"column":6744}},"20":{"start":{"line":222,"column":4},"end":{"line":222,"column":6911}},"21":{"start":{"line":223,"column":6},"end":{"line":223,"column":6952}},"22":{"start":{"line":254,"column":4},"end":{"line":254,"column":7987}},"23":{"start":{"line":260,"column":4},"end":{"line":260,"column":8155}},"24":{"start":{"line":261,"column":6},"end":{"line":261,"column":8196}},"25":{"start":{"line":269,"column":11},"end":{"line":269,"column":8359}},"26":{"start":{"line":270,"column":6},"end":{"line":270,"column":75}},"27":{"start":{"line":279,"column":4},"end":{"line":279,"column":23}},"28":{"start":{"line":289,"column":4},"end":{"line":289,"column":73}},"29":{"start":{"line":290,"column":4},"end":{"line":290,"column":63}},"30":{"start":{"line":307,"column":4},"end":{"line":307,"column":12}},"31":{"start":{"line":347,"column":4},"end":{"line":347,"column":12}},"32":{"start":{"line":368,"column":4},"end":{"line":368,"column":58}},"33":{"start":{"line":372,"column":4},"end":{"line":372,"column":31}},"34":{"start":{"line":373,"column":4},"end":{"line":373,"column":49}},"35":{"start":{"line":374,"column":4},"end":{"line":374,"column":45}},"36":{"start":{"line":378,"column":4},"end":{"line":378,"column":31}},"37":{"start":{"line":379,"column":4},"end":{"line":379,"column":46}},"38":{"start":{"line":380,"column":4},"end":{"line":380,"column":42}},"39":{"start":{"line":389,"column":4},"end":{"line":389,"column":52}},"40":{"start":{"line":462,"column":4},"end":{"line":462,"column":36}},"41":{"start":{"line":467,"column":4},"end":{"line":467,"column":63}},"42":{"start":{"line":476,"column":4},"end":{"line":476,"column":57}},"43":{"start":{"line":481,"column":4},"end":{"line":481,"column":53}},"44":{"start":{"line":492,"column":4},"end":{"line":492,"column":13823}},"45":{"start":{"line":495,"column":4},"end":{"line":495,"column":13880}},"46":{"start":{"line":499,"column":4},"end":{"line":499,"column":68}},"47":{"start":{"line":500,"column":4},"end":{"line":500,"column":78}},"48":{"start":{"line":501,"column":4},"end":{"line":501,"column":67}},"49":{"start":{"line":502,"column":4},"end":{"line":502,"column":61}},"50":{"start":{"line":503,"column":4},"end":{"line":503,"column":14323}},"51":{"start":{"line":506,"column":4},"end":{"line":506,"column":14380}},"52":{"start":{"line":516,"column":4},"end":{"line":516,"column":42}},"53":{"start":{"line":526,"column":4},"end":{"line":526,"column":14817}},"54":{"start":{"line":529,"column":4},"end":{"line":529,"column":14874}},"55":{"start":{"line":534,"column":4},"end":{"line":534,"column":63}},"56":{"start":{"line":536,"column":4},"end":{"line":536,"column":68}},"57":{"start":{"line":537,"column":4},"end":{"line":537,"column":59}},"58":{"start":{"line":538,"column":4},"end":{"line":538,"column":67}},"59":{"start":{"line":539,"column":4},"end":{"line":539,"column":63}},"60":{"start":{"line":540,"column":4},"end":{"line":540,"column":15430}},"61":{"start":{"line":543,"column":4},"end":{"line":543,"column":49}},"62":{"start":{"line":554,"column":4},"end":{"line":554,"column":18}},"63":{"start":{"line":555,"column":4},"end":{"line":555,"column":15790}},"64":{"start":{"line":562,"column":11},"end":{"line":562,"column":16137}},"65":{"start":{"line":599,"column":4},"end":{"line":599,"column":57}},"66":{"start":{"line":607,"column":4},"end":{"line":607,"column":50}},"67":{"start":{"line":615,"column":4},"end":{"line":615,"column":67}}},"branchMap":{"1":{"line":89,"type":"if","locations":[{"start":{"line":89,"column":22},"end":{"line":89,"column":22}},{"start":{"line":89,"column":22},"end":{"line":89,"column":22}}]},"2":{"line":109,"type":"if","locations":[{"start":{"line":109,"column":4},"end":{"line":109,"column":4}},{"start":{"line":109,"column":4},"end":{"line":109,"column":4}}]},"3":{"line":142,"type":"if","locations":[{"start":{"line":142,"column":4},"end":{"line":142,"column":4}},{"start":{"line":142,"column":4},"end":{"line":142,"column":4}}]},"4":{"line":178,"type":"if","locations":[{"start":{"line":178,"column":4},"end":{"line":178,"column":4}},{"start":{"line":178,"column":4},"end":{"line":178,"column":4}}]},"5":{"line":222,"type":"if","locations":[{"start":{"line":222,"column":4},"end":{"line":222,"column":4}},{"start":{"line":222,"column":4},"end":{"line":222,"column":4}}]},"6":{"line":260,"type":"if","locations":[{"start":{"line":260,"column":4},"end":{"line":260,"column":4}},{"start":{"line":260,"column":4},"end":{"line":260,"column":4}}]},"7":{"line":269,"type":"if","locations":[{"start":{"line":269,"column":11},"end":{"line":269,"column":11}},{"start":{"line":269,"column":11},"end":{"line":269,"column":11}}]},"8":{"line":270,"type":"if","locations":[{"start":{"line":270,"column":6},"end":{"line":270,"column":6}},{"start":{"line":270,"column":6},"end":{"line":270,"column":6}}]},"9":{"line":290,"type":"if","locations":[{"start":{"line":290,"column":34},"end":{"line":290,"column":34}},{"start":{"line":290,"column":38},"end":{"line":290,"column":62}}]},"10":{"line":419,"type":"if","locations":[{"start":{"line":419,"column":22},"end":{"line":419,"column":22}},{"start":{"line":419,"column":22},"end":{"line":419,"column":22}}]},"11":{"line":427,"type":"if","locations":[{"start":{"line":427,"column":22},"end":{"line":427,"column":22}},{"start":{"line":427,"column":22},"end":{"line":427,"column":22}}]},"12":{"line":435,"type":"if","locations":[{"start":{"line":435,"column":22},"end":{"line":435,"column":22}},{"start":{"line":435,"column":22},"end":{"line":435,"column":22}}]},"13":{"line":444,"type":"if","locations":[{"start":{"line":444,"column":22},"end":{"line":444,"column":22}},{"start":{"line":444,"column":22},"end":{"line":444,"column":22}}]},"14":{"line":492,"type":"if","locations":[{"start":{"line":492,"column":4},"end":{"line":492,"column":4}},{"start":{"line":492,"column":4},"end":{"line":492,"column":4}}]},"15":{"line":503,"type":"if","locations":[{"start":{"line":503,"column":4},"end":{"line":503,"column":4}},{"start":{"line":503,"column":4},"end":{"line":503,"column":4}}]},"16":{"line":526,"type":"if","locations":[{"start":{"line":526,"column":4},"end":{"line":526,"column":4}},{"start":{"line":526,"column":4},"end":{"line":526,"column":4}}]},"17":{"line":540,"type":"if","locations":[{"start":{"line":540,"column":4},"end":{"line":540,"column":4}},{"start":{"line":540,"column":4},"end":{"line":540,"column":4}}]},"18":{"line":555,"type":"if","locations":[{"start":{"line":555,"column":4},"end":{"line":555,"column":4}},{"start":{"line":555,"column":4},"end":{"line":555,"column":4}}]},"19":{"line":562,"type":"if","locations":[{"start":{"line":562,"column":11},"end":{"line":562,"column":11}},{"start":{"line":562,"column":11},"end":{"line":562,"column":11}}]},"20":{"line":581,"type":"if","locations":[{"start":{"line":581,"column":22},"end":{"line":581,"column":22}},{"start":{"line":581,"column":22},"end":{"line":581,"column":22}}]},"21":{"line":590,"type":"if","locations":[{"start":{"line":590,"column":22},"end":{"line":590,"column":22}},{"start":{"line":590,"column":22},"end":{"line":590,"column":22}}]},"22":{"line":597,"type":"if","locations":[{"start":{"line":597,"column":4},"end":{"line":597,"column":4}},{"start":{"line":597,"column":4},"end":{"line":597,"column":4}}]},"23":{"line":605,"type":"if","locations":[{"start":{"line":605,"column":4},"end":{"line":605,"column":4}},{"start":{"line":605,"column":4},"end":{"line":605,"column":4}}]},"24":{"line":615,"type":"if","locations":[{"start":{"line":615,"column":4},"end":{"line":615,"column":4}},{"start":{"line":615,"column":4},"end":{"line":615,"column":4}}]}}}}